<?xml version="1.0" encoding="UTF-8"?>
<robot generator="Robot 5.0.1 (Python 3.9.13 on win32)" generated="20230222 11:16:17.713" rpa="true" schemaversion="3">
<suite id="s1" name="Tasks" source="C:\Users\sanjesh.ld\Documents\Robocorp Projects\Sales Opport - QAD\tasks.robot">
<test id="s1-t1" name="Sales Opportinities Bot." line="19">
<kw name="Open Application" library="RPA.Outlook.Application" type="SETUP">
<doc>Open the Outlook application.</doc>
<status status="PASS" starttime="20230222 11:16:29.447" endtime="20230222 11:16:33.653"/>
</kw>
<try>
<branch type="TRY">
<kw name="Read xml config file">
<var>${xmllist}</var>
<kw name="Parse Xml" library="XML">
<var>${config}</var>
<arg>config.xml</arg>
<doc>Parses the given XML file or string into an element structure.</doc>
<msg timestamp="20230222 11:16:33.677" level="INFO">${config} = &lt;Element 'config' at 0x000002021A367BD0&gt;</msg>
<status status="PASS" starttime="20230222 11:16:33.662" endtime="20230222 11:16:33.689"/>
</kw>
<kw name="Create List" library="BuiltIn">
<var>${xmllist}</var>
<doc>Returns a list containing given items.</doc>
<msg timestamp="20230222 11:16:33.689" level="INFO">${xmllist} = []</msg>
<status status="PASS" starttime="20230222 11:16:33.689" endtime="20230222 11:16:33.689"/>
</kw>
<kw name="Get Element Text" library="XML">
<var>${config excelpath}</var>
<arg>${config}[0]</arg>
<doc>Returns all text of the element, possibly whitespace normalized.</doc>
<msg timestamp="20230222 11:16:33.689" level="INFO">${config excelpath} = C:\Users\name\Documents\Robocorp Projects\Sales Opport - QAD\Config.xlsx </msg>
<status status="PASS" starttime="20230222 11:16:33.689" endtime="20230222 11:16:33.689"/>
</kw>
<kw name="Get Element Text" library="XML">
<var>${configexcelSheetname}</var>
<arg>${config}[1]</arg>
<doc>Returns all text of the element, possibly whitespace normalized.</doc>
<msg timestamp="20230222 11:16:33.689" level="INFO">${configexcelSheetname} = Sheet1</msg>
<status status="PASS" starttime="20230222 11:16:33.689" endtime="20230222 11:16:33.689"/>
</kw>
<kw name="Get Element Text" library="XML">
<var>${configexcptionmailid}</var>
<arg>${config}[2]</arg>
<doc>Returns all text of the element, possibly whitespace normalized.</doc>
<msg timestamp="20230222 11:16:33.689" level="INFO">${configexcptionmailid} = sanjesh.ld@yash.com</msg>
<status status="PASS" starttime="20230222 11:16:33.689" endtime="20230222 11:16:33.689"/>
</kw>
<kw name="Get Element Text" library="XML">
<var>${configexcptionmailsubject}</var>
<arg>${config}[3]</arg>
<doc>Returns all text of the element, possibly whitespace normalized.</doc>
<msg timestamp="20230222 11:16:33.689" level="INFO">${configexcptionmailsubject} = Config File is missing</msg>
<status status="PASS" starttime="20230222 11:16:33.689" endtime="20230222 11:16:33.689"/>
</kw>
<kw name="Get Element Text" library="XML">
<var>${configexcptionmailbody}</var>
<arg>${config}[4]</arg>
<doc>Returns all text of the element, possibly whitespace normalized.</doc>
<msg timestamp="20230222 11:16:33.689" level="INFO">${configexcptionmailbody} = Hi Sales Team,

Kindly Check the config file is either missing or corrupt. Bot is unable to read it. Please fix the issues ASAP.

Regards,
Sales Opportunities BOT</msg>
<status status="PASS" starttime="20230222 11:16:33.689" endtime="20230222 11:16:33.689"/>
</kw>
<kw name="Get Username" library="RPA.Desktop.OperatingSystem">
<var>${system name}</var>
<doc>Get username of logged in user</doc>
<msg timestamp="20230222 11:16:33.689" level="INFO">${system name} = sanjesh.ld</msg>
<status status="PASS" starttime="20230222 11:16:33.689" endtime="20230222 11:16:33.689"/>
</kw>
<kw name="Replace String" library="String">
<var>${input excelpath}</var>
<arg>${config excelpath}</arg>
<arg>name</arg>
<arg>${system name}</arg>
<doc>Replaces ``search_for`` in the given ``string`` with ``replace_with``.</doc>
<msg timestamp="20230222 11:16:33.697" level="INFO">${input excelpath} = C:\Users\sanjesh.ld\Documents\Robocorp Projects\Sales Opport - QAD\Config.xlsx </msg>
<status status="PASS" starttime="20230222 11:16:33.689" endtime="20230222 11:16:33.697"/>
</kw>
<kw name="Append To List" library="Collections">
<arg>${xmllist}</arg>
<arg>${input excelpath}</arg>
<arg>${configexcelSheetname}</arg>
<arg>${configexcptionmailid}</arg>
<arg>${configexcptionmailsubject}</arg>
<arg>${configexcptionmailbody}</arg>
<doc>Adds ``values`` to the end of ``list``.</doc>
<status status="PASS" starttime="20230222 11:16:33.697" endtime="20230222 11:16:33.697"/>
</kw>
<return>
<value>${xmllist}</value>
<status status="PASS" starttime="20230222 11:16:33.697" endtime="20230222 11:16:33.697"/>
</return>
<msg timestamp="20230222 11:16:33.697" level="INFO">${xmllist} = ['C:\\Users\\sanjesh.ld\\Documents\\Robocorp Projects\\Sales Opport - QAD\\Config.xlsx ', 'Sheet1', 'sanjesh.ld@yash.com', 'Config File is missing', 'Hi Sales Team,\n\nKindly Check the config file is ...</msg>
<status status="PASS" starttime="20230222 11:16:33.653" endtime="20230222 11:16:33.697"/>
</kw>
<try>
<branch type="TRY">
<kw name="Read Config file">
<var>${configlist}</var>
<arg>${xmllist}</arg>
<kw name="Open Workbook" library="RPA.Excel.Files">
<arg>${xmllist}[0]</arg>
<doc>Open an existing Excel workbook.</doc>
<msg timestamp="20230222 11:16:33.726" level="INFO">Opened workbook: &lt;RPA.Excel.Files.XlsxWorkbook object at 0x0000020217FBABE0&gt;</msg>
<status status="PASS" starttime="20230222 11:16:33.697" endtime="20230222 11:16:33.726"/>
</kw>
<kw name="Read Worksheet" library="RPA.Excel.Files">
<arg>${xmllist}[1]</arg>
<doc>Read the content of a worksheet into a list of dictionaries.</doc>
<status status="PASS" starttime="20230222 11:16:33.726" endtime="20230222 11:16:33.726"/>
</kw>
<kw name="Read Worksheet As Table" library="RPA.Excel.Files">
<var>${table}</var>
<arg>header=${True}</arg>
<doc>Read the contents of a worksheet into a Table container. Allows
sorting/filtering/manipulating using the ``RPA.Tables`` library.</doc>
<msg timestamp="20230222 11:16:33.726" level="INFO">Created table: Table(columns=['Input Excel file path', 'Input Excel Sheet Name', 'Business Exception Mail ID', 'Business Exception Subject', 'Business Exception Mail Body', 'System Exception Mail ID', 'System Exception Subject', 'System Exception Mail Body', 'QAD URL', 'InputFileExcption', 'Input Excel missing Subject', 'Business Exception subject if new'], rows=1)</msg>
<msg timestamp="20230222 11:16:33.726" level="INFO">${table} = Table(columns=['Input Excel file path', 'Input Excel Sheet Name', 'Business Exception Mail ID', 'Business Exception Subject', 'Business Exception Mail Body', 'System Exception Mail ID', 'System Except...</msg>
<status status="PASS" starttime="20230222 11:16:33.726" endtime="20230222 11:16:33.726"/>
</kw>
<kw name="Create List" library="BuiltIn">
<var>${configlist}</var>
<doc>Returns a list containing given items.</doc>
<msg timestamp="20230222 11:16:33.726" level="INFO">${configlist} = []</msg>
<status status="PASS" starttime="20230222 11:16:33.726" endtime="20230222 11:16:33.726"/>
</kw>
<for flavor="IN">
<var>${row}</var>
<value>@{table}</value>
<iter>
<var name="${row}">{'Input Excel file path': 'C:\\Users\\sanjesh.ld\\Documents\\Robocorp Projects\\Sales Opport - QAD\\qad Excel Input New.xlsx', 'Input Excel Sheet Name': 'Opportunities', 'Business Exception Mail ID': ...</var>
<kw name="Log" library="BuiltIn">
<arg>${row}</arg>
<doc>Logs the given message with the given level.</doc>
<msg timestamp="20230222 11:16:33.735" level="INFO">{'Input Excel file path': 'C:\\Users\\sanjesh.ld\\Documents\\Robocorp Projects\\Sales Opport - QAD\\qad Excel Input New.xlsx', 'Input Excel Sheet Name': 'Opportunities', 'Business Exception Mail ID': 'sanjesh.ld@yash.com', 'Business Exception Subject': 'Incorrect Transaction - &lt;name&gt;', 'Business Exception Mail Body': 'Hi,\n\nKindly check the above "&lt;name&gt;"  transaction. It is already present in the Opportunities list. Kindly specify do we have to change the stage.\n\nThanks &amp; Regards,\nSales Opportunities BOT', 'System Exception Mail ID': 'ashok.panda@yash.com', 'System Exception Subject': 'Unable to Open QAD website', 'System Exception Mail Body': 'Hi Team,\n\nGreetings of the day!\n\nPlease be notify that QAD website is either not responding or under maintenance. Bot is not able to proceed further.\n\nThanks &amp; Regards,\nSales opportunities BOT', 'QAD URL': 'https://gl034jaerpc496.qad.com/clouderp/resources/login.jsp#/view/webshell/home', 'InputFileExcption': '\nHi Team,\n\nGreetings of the day!\n\nPlease be notify that ,the Input excel we receive is empty or not present. Please update the same. Bot is not able to proceed further.\n\nThanks &amp; Regards,\nSales opportunities BOT', 'Input Excel missing Subject': 'Input File Error', 'Business Exception subject if new': 'Hi,\n\nKindly check the above "&lt;name&gt;"  transaction. It is not present in the Opportunities list. Kindly change the stage to "New".\n\nThanks &amp; Regards,\nSales Opportunities BOT'}</msg>
<status status="PASS" starttime="20230222 11:16:33.735" endtime="20230222 11:16:33.735"/>
</kw>
<kw name="Set Variable" library="BuiltIn">
<var>${inputexcelpath}</var>
<arg>${row}[Input Excel file path]</arg>
<doc>Returns the given values which can then be assigned to a variables.</doc>
<msg timestamp="20230222 11:16:33.735" level="INFO">${inputexcelpath} = C:\Users\sanjesh.ld\Documents\Robocorp Projects\Sales Opport - QAD\qad Excel Input New.xlsx</msg>
<status status="PASS" starttime="20230222 11:16:33.735" endtime="20230222 11:16:33.735"/>
</kw>
<kw name="Set Variable" library="BuiltIn">
<var>${inputexcelsheetname}</var>
<arg>${row}[Input Excel Sheet Name]</arg>
<doc>Returns the given values which can then be assigned to a variables.</doc>
<msg timestamp="20230222 11:16:33.735" level="INFO">${inputexcelsheetname} = Opportunities</msg>
<status status="PASS" starttime="20230222 11:16:33.735" endtime="20230222 11:16:33.735"/>
</kw>
<kw name="Set Variable" library="BuiltIn">
<var>${BE Exception mail ID}</var>
<arg>${row}[Business Exception Mail ID]</arg>
<doc>Returns the given values which can then be assigned to a variables.</doc>
<msg timestamp="20230222 11:16:33.743" level="INFO">${BE Exception mail ID} = sanjesh.ld@yash.com</msg>
<status status="PASS" starttime="20230222 11:16:33.735" endtime="20230222 11:16:33.743"/>
</kw>
<kw name="Set Variable" library="BuiltIn">
<var>${BE Exception Subject}</var>
<arg>${row}[Business Exception Subject]</arg>
<doc>Returns the given values which can then be assigned to a variables.</doc>
<msg timestamp="20230222 11:16:33.743" level="INFO">${BE Exception Subject} = Incorrect Transaction - &lt;name&gt;</msg>
<status status="PASS" starttime="20230222 11:16:33.743" endtime="20230222 11:16:33.743"/>
</kw>
<kw name="Set Variable" library="BuiltIn">
<var>${BE Exception body}</var>
<arg>${row}[Business Exception Mail Body]</arg>
<doc>Returns the given values which can then be assigned to a variables.</doc>
<msg timestamp="20230222 11:16:33.743" level="INFO">${BE Exception body} = Hi,

Kindly check the above "&lt;name&gt;"  transaction. It is already present in the Opportunities list. Kindly specify do we have to change the stage.

Thanks &amp; Regards,
Sales Opportunities BOT</msg>
<status status="PASS" starttime="20230222 11:16:33.743" endtime="20230222 11:16:33.743"/>
</kw>
<kw name="Set Variable" library="BuiltIn">
<var>${SE Exception mail ID}</var>
<arg>${row}[System Exception Mail ID]</arg>
<doc>Returns the given values which can then be assigned to a variables.</doc>
<msg timestamp="20230222 11:16:33.743" level="INFO">${SE Exception mail ID} = ashok.panda@yash.com</msg>
<status status="PASS" starttime="20230222 11:16:33.743" endtime="20230222 11:16:33.743"/>
</kw>
<kw name="Set Variable" library="BuiltIn">
<var>${SE Exception Subject}</var>
<arg>${row}[System Exception Subject]</arg>
<doc>Returns the given values which can then be assigned to a variables.</doc>
<msg timestamp="20230222 11:16:33.743" level="INFO">${SE Exception Subject} = Unable to Open QAD website</msg>
<status status="PASS" starttime="20230222 11:16:33.743" endtime="20230222 11:16:33.743"/>
</kw>
<kw name="Set Variable" library="BuiltIn">
<var>${SE Exception body}</var>
<arg>${row}[System Exception Mail Body]</arg>
<doc>Returns the given values which can then be assigned to a variables.</doc>
<msg timestamp="20230222 11:16:33.753" level="INFO">${SE Exception body} = Hi Team,

Greetings of the day!

Please be notify that QAD website is either not responding or under maintenance. Bot is not able to proceed further.

Thanks &amp; Regards,
Sales opportunities BOT</msg>
<status status="PASS" starttime="20230222 11:16:33.743" endtime="20230222 11:16:33.754"/>
</kw>
<kw name="Set Variable" library="BuiltIn">
<var>${QAD url}</var>
<arg>${row}[QAD URL]</arg>
<doc>Returns the given values which can then be assigned to a variables.</doc>
<msg timestamp="20230222 11:16:33.754" level="INFO">${QAD url} = https://gl034jaerpc496.qad.com/clouderp/resources/login.jsp#/view/webshell/home</msg>
<status status="PASS" starttime="20230222 11:16:33.754" endtime="20230222 11:16:33.754"/>
</kw>
<kw name="Set Variable" library="BuiltIn">
<var>${inputfileexception}</var>
<arg>${row}[InputFileExcption]</arg>
<doc>Returns the given values which can then be assigned to a variables.</doc>
<msg timestamp="20230222 11:16:33.754" level="INFO">${inputfileexception} = 
Hi Team,

Greetings of the day!

Please be notify that ,the Input excel we receive is empty or not present. Please update the same. Bot is not able to proceed further.

Thanks &amp; Regards,
Sales opport...</msg>
<status status="PASS" starttime="20230222 11:16:33.754" endtime="20230222 11:16:33.754"/>
</kw>
<kw name="Set Variable" library="BuiltIn">
<var>${inputfileexceptionsub}</var>
<arg>${row}[Input Excel missing Subject]</arg>
<doc>Returns the given values which can then be assigned to a variables.</doc>
<msg timestamp="20230222 11:16:33.763" level="INFO">${inputfileexceptionsub} = Input File Error</msg>
<status status="PASS" starttime="20230222 11:16:33.762" endtime="20230222 11:16:33.763"/>
</kw>
<kw name="Set Variable" library="BuiltIn">
<var>${businesexception}</var>
<arg>${row}[Business Exception subject if new]</arg>
<doc>Returns the given values which can then be assigned to a variables.</doc>
<msg timestamp="20230222 11:16:33.763" level="INFO">${businesexception} = Hi,

Kindly check the above "&lt;name&gt;"  transaction. It is not present in the Opportunities list. Kindly change the stage to "New".

Thanks &amp; Regards,
Sales Opportunities BOT</msg>
<status status="PASS" starttime="20230222 11:16:33.763" endtime="20230222 11:16:33.763"/>
</kw>
<kw name="Append To List" library="Collections">
<arg>${configlist}</arg>
<arg>${inputexcelpath}</arg>
<arg>${inputexcelsheetname}</arg>
<arg>${BE Exception mail ID}</arg>
<arg>${BE Exception Subject}</arg>
<arg>${BE Exception body}</arg>
<arg>${SE Exception mail ID}</arg>
<arg>${SE Exception Subject}</arg>
<arg>${SE Exception body}</arg>
<arg>${QAD url}</arg>
<arg>${inputfileexception}</arg>
<arg>${inputfileexceptionsub}</arg>
<arg>${businesexception}</arg>
<doc>Adds ``values`` to the end of ``list``.</doc>
<status status="PASS" starttime="20230222 11:16:33.763" endtime="20230222 11:16:33.770"/>
</kw>
<status status="PASS" starttime="20230222 11:16:33.735" endtime="20230222 11:16:33.770"/>
</iter>
<status status="PASS" starttime="20230222 11:16:33.726" endtime="20230222 11:16:33.771"/>
</for>
<return>
<value>${configlist}</value>
<status status="PASS" starttime="20230222 11:16:33.771" endtime="20230222 11:16:33.772"/>
</return>
<msg timestamp="20230222 11:16:33.774" level="INFO">${configlist} = ['C:\\Users\\sanjesh.ld\\Documents\\Robocorp Projects\\Sales Opport - QAD\\qad Excel Input New.xlsx', 'Opportunities', 'sanjesh.ld@yash.com', 'Incorrect Transaction - &lt;name&gt;', 'Hi,\n\nKindly check the...</msg>
<status status="PASS" starttime="20230222 11:16:33.697" endtime="20230222 11:16:33.774"/>
</kw>
<try>
<branch type="TRY">
<kw name="Open Workbook" library="RPA.Excel.Files">
<arg>${configlist}[0]</arg>
<doc>Open an existing Excel workbook.</doc>
<msg timestamp="20230222 11:16:33.774" level="INFO">Closing workbook: &lt;RPA.Excel.Files.XlsxWorkbook object at 0x0000020217FBABE0&gt;</msg>
<msg timestamp="20230222 11:16:33.790" level="INFO">Opened workbook: &lt;RPA.Excel.Files.XlsxWorkbook object at 0x0000020217FBABE0&gt;</msg>
<status status="PASS" starttime="20230222 11:16:33.774" endtime="20230222 11:16:33.790"/>
</kw>
<kw name="Read Worksheet" library="RPA.Excel.Files">
<arg>${configlist}[1]</arg>
<doc>Read the content of a worksheet into a list of dictionaries.</doc>
<status status="PASS" starttime="20230222 11:16:33.790" endtime="20230222 11:16:33.790"/>
</kw>
<kw name="Read Worksheet As Table" library="RPA.Excel.Files">
<var>${inputexceltable}</var>
<arg>header=${True}</arg>
<doc>Read the contents of a worksheet into a Table container. Allows
sorting/filtering/manipulating using the ``RPA.Tables`` library.</doc>
<msg timestamp="20230222 11:16:33.790" level="INFO">Created table: Table(columns=['Opportunity Name', 'Creation Type', 'Change Stage', 'TYPE', 'External Account Mgr', 'Address', 'Postal Code', 'City', 'State', 'Country', 'Email', 'Website', 'Region'], rows=6)</msg>
<msg timestamp="20230222 11:16:33.790" level="INFO">${inputexceltable} = Table(columns=['Opportunity Name', 'Creation Type', 'Change Stage', 'TYPE', 'External Account Mgr', 'Address', 'Postal Code', 'City', 'State', 'Country', 'Email', 'Website', 'Region'], rows=6)</msg>
<status status="PASS" starttime="20230222 11:16:33.790" endtime="20230222 11:16:33.790"/>
</kw>
<try>
<branch type="TRY">
<kw name="open intranet website">
<arg>${configlist}</arg>
<kw name="Open Available Browser" library="RPA.Browser.Selenium">
<arg>${configlist}[8]</arg>
<arg>maximized=${True}</arg>
<doc>Attempts to open a browser on the user's device from a set of
supported browsers. Automatically downloads a corresponding webdriver
if none is already installed.</doc>
<msg timestamp="20230222 11:16:33.790" level="INFO">Creating an instance of the Chrome WebDriver.</msg>
<msg timestamp="20230222 11:16:33.818" level="INFO">====== WebDriver manager ======</msg>
<msg timestamp="20230222 11:16:41.068" level="INFO">Creating an instance of the Chrome WebDriver.</msg>
<msg timestamp="20230222 11:16:45.232" level="INFO">Created Chrome browser with arguments: --start-maximized --disable-dev-shm-usage --disable-web-security --allow-running-insecure-content --no-sandbox</msg>
<msg timestamp="20230222 11:16:45.232" level="INFO" html="true">&lt;p&gt;Attempted combinations:&lt;/p&gt;&lt;div class="doc"&gt;&lt;table&gt;&lt;tr&gt;&lt;th&gt;Browser&lt;/th&gt;&lt;th&gt;Download&lt;/th&gt;&lt;th&gt;Error&lt;/th&gt;&lt;/tr&gt;&lt;tr&gt;&lt;td&gt;Chrome&lt;/td&gt;&lt;td&gt;False&lt;/td&gt;&lt;td&gt;Message: 'chromedriver' executable needs to be in PATH. Please see https://chromedriver.chromium.org/home
&lt;/td&gt;&lt;/tr&gt;&lt;tr&gt;&lt;td&gt;Chrome&lt;/td&gt;&lt;td&gt;True&lt;/td&gt;&lt;td&gt;&lt;/td&gt;&lt;/tr&gt;&lt;/table&gt;&lt;/div&gt;</msg>
<msg timestamp="20230222 11:16:45.232" level="INFO">Opening url 'https://gl034jaerpc496.qad.com/clouderp/resources/login.jsp#/view/webshell/home'</msg>
<status status="PASS" starttime="20230222 11:16:33.790" endtime="20230222 11:16:47.530"/>
</kw>
<status status="PASS" starttime="20230222 11:16:33.790" endtime="20230222 11:16:47.532"/>
</kw>
<kw name="Log IN">
<kw name="Get Secret" library="RPA.Robocloud.Secrets">
<var>${secret}</var>
<arg>QAD</arg>
<doc>Read a secret from the configured source, e.g. Robocorp Vault,
and return it as a ``Secret`` object.</doc>
<msg timestamp="20230222 11:16:47.532" level="INFO">Protecting keyword: RPA.Robocloud.Secrets.Get Secret</msg>
<msg timestamp="20230222 11:16:47.544" level="INFO">Log level changed from NONE to INFO.</msg>
<status status="PASS" starttime="20230222 11:16:47.532" endtime="20230222 11:16:47.544"/>
</kw>
<kw name="Input Text" library="RPA.Browser.Selenium">
<arg>id:username</arg>
<arg>${secret}[username]</arg>
<doc>Types the given ``text`` into the text field identified by ``locator``.</doc>
<msg timestamp="20230222 11:16:47.544" level="INFO">Typing text 'demo@qad.com' into text field 'id:username'.</msg>
<status status="PASS" starttime="20230222 11:16:47.544" endtime="20230222 11:16:47.678"/>
</kw>
<kw name="Sleep" library="BuiltIn">
<arg>2s</arg>
<doc>Pauses the test executed for the given time.</doc>
<msg timestamp="20230222 11:16:49.685" level="INFO">Slept 2 seconds</msg>
<status status="PASS" starttime="20230222 11:16:47.683" endtime="20230222 11:16:49.685"/>
</kw>
<kw name="Input Password" library="RPA.Browser.Selenium">
<arg>id:password</arg>
<arg>${secret}[password]</arg>
<doc>Types the given password into the text field identified by ``locator``.</doc>
<msg timestamp="20230222 11:16:49.685" level="INFO">Typing password into text field 'id:password'.</msg>
<msg timestamp="20230222 11:16:49.750" level="INFO">Temporally setting log level to: NONE</msg>
<msg timestamp="20230222 11:16:49.815" level="INFO">Log level changed from NONE to INFO.</msg>
<status status="PASS" starttime="20230222 11:16:49.685" endtime="20230222 11:16:49.815"/>
</kw>
<kw name="Sleep" library="BuiltIn">
<arg>2s</arg>
<doc>Pauses the test executed for the given time.</doc>
<msg timestamp="20230222 11:16:51.829" level="INFO">Slept 2 seconds</msg>
<status status="PASS" starttime="20230222 11:16:49.815" endtime="20230222 11:16:51.829"/>
</kw>
<kw name="Submit Form" library="RPA.Browser.Selenium">
<doc>Submits a form identified by ``locator``.</doc>
<msg timestamp="20230222 11:16:51.831" level="INFO">Submitting form 'None'.</msg>
<status status="PASS" starttime="20230222 11:16:51.831" endtime="20230222 11:17:02.938"/>
</kw>
<kw name="Sleep" library="BuiltIn">
<arg>10s</arg>
<doc>Pauses the test executed for the given time.</doc>
<msg timestamp="20230222 11:17:12.947" level="INFO">Slept 10 seconds</msg>
<status status="PASS" starttime="20230222 11:17:02.938" endtime="20230222 11:17:12.948"/>
</kw>
<kw name="Click Element" library="RPA.Browser.Selenium">
<arg>xpath=//span[@class="k-dropdown-wrap k-state-default"]</arg>
<doc>Click the element identified by ``locator``.</doc>
<msg timestamp="20230222 11:17:12.948" level="INFO">Clicking element 'xpath=//span[@class="k-dropdown-wrap k-state-default"]'.</msg>
<status status="PASS" starttime="20230222 11:17:12.948" endtime="20230222 11:17:13.273"/>
</kw>
<kw name="Sleep" library="BuiltIn">
<arg>2s</arg>
<doc>Pauses the test executed for the given time.</doc>
<msg timestamp="20230222 11:17:15.287" level="INFO">Slept 2 seconds</msg>
<status status="PASS" starttime="20230222 11:17:13.273" endtime="20230222 11:17:15.287"/>
</kw>
<kw name="Click Element" library="RPA.Browser.Selenium">
<arg>xpath=//li[@data-offset-index="27"]</arg>
<doc>Click the element identified by ``locator``.</doc>
<msg timestamp="20230222 11:17:15.287" level="INFO">Clicking element 'xpath=//li[@data-offset-index="27"]'.</msg>
<status status="PASS" starttime="20230222 11:17:15.287" endtime="20230222 11:17:16.056"/>
</kw>
<kw name="Sleep" library="BuiltIn">
<arg>2s</arg>
<doc>Pauses the test executed for the given time.</doc>
<msg timestamp="20230222 11:17:18.076" level="INFO">Slept 2 seconds</msg>
<status status="PASS" starttime="20230222 11:17:16.060" endtime="20230222 11:17:18.077"/>
</kw>
<kw name="Click Element" library="RPA.Browser.Selenium">
<arg>xpath=//span[@class="fa fa-search"]</arg>
<doc>Click the element identified by ``locator``.</doc>
<msg timestamp="20230222 11:17:18.077" level="INFO">Clicking element 'xpath=//span[@class="fa fa-search"]'.</msg>
<status status="PASS" starttime="20230222 11:17:18.077" endtime="20230222 11:17:18.176"/>
</kw>
<kw name="Sleep" library="BuiltIn">
<arg>2s</arg>
<doc>Pauses the test executed for the given time.</doc>
<msg timestamp="20230222 11:17:20.195" level="INFO">Slept 2 seconds</msg>
<status status="PASS" starttime="20230222 11:17:18.177" endtime="20230222 11:17:20.195"/>
</kw>
<kw name="Input Text" library="RPA.Browser.Selenium">
<arg>//*[@id="webshellMenu_kAutoCompleteMenuSearch"]</arg>
<arg>Sales Opportunities</arg>
<doc>Types the given ``text`` into the text field identified by ``locator``.</doc>
<msg timestamp="20230222 11:17:20.195" level="INFO">Typing text 'Sales Opportunities' into text field '//*[@id="webshellMenu_kAutoCompleteMenuSearch"]'.</msg>
<status status="PASS" starttime="20230222 11:17:20.195" endtime="20230222 11:17:20.453"/>
</kw>
<kw name="Wait Until Element Is Visible" library="RPA.Browser.Selenium">
<arg>//*[@id="webshellMenu_kAutoCompleteMenuSearch_listbox"]/li/a/div/div/span[2]</arg>
<doc>Waits until the element ``locator`` is visible.</doc>
<status status="PASS" starttime="20230222 11:17:20.453" endtime="20230222 11:17:21.892"/>
</kw>
<kw name="Click Element" library="RPA.Browser.Selenium">
<arg>//*[@id="webshellMenu_kAutoCompleteMenuSearch_listbox"]/li/a/div/div/span[2]</arg>
<doc>Click the element identified by ``locator``.</doc>
<msg timestamp="20230222 11:17:21.892" level="INFO">Clicking element '//*[@id="webshellMenu_kAutoCompleteMenuSearch_listbox"]/li/a/div/div/span[2]'.</msg>
<status status="PASS" starttime="20230222 11:17:21.892" endtime="20230222 11:17:22.199"/>
</kw>
<status status="PASS" starttime="20230222 11:16:47.532" endtime="20230222 11:17:22.200"/>
</kw>
<kw name="Sleep" library="BuiltIn">
<arg>5s</arg>
<doc>Pauses the test executed for the given time.</doc>
<msg timestamp="20230222 11:17:27.205" level="INFO">Slept 5 seconds</msg>
<status status="PASS" starttime="20230222 11:17:22.201" endtime="20230222 11:17:27.205"/>
</kw>
<kw name="Process each transaction">
<arg>${inputexceltable}</arg>
<arg>${configlist}</arg>
<try>
<branch type="TRY">
<for flavor="IN">
<var>${inputexcelrow}</var>
<value>@{inputexceltable}</value>
<iter>
<var name="${inputexcelrow}">{'Opportunity Name': 'Maier GmbH', 'Creation Type': 'Existing', 'Change Stage': 'Determine Interest', 'TYPE': None, 'External Account Mgr': None, 'Address': None, 'Postal Code': None, 'City': None, 'S...</var>
<kw name="Log" library="BuiltIn">
<arg>${inputexcelrow}</arg>
<doc>Logs the given message with the given level.</doc>
<msg timestamp="20230222 11:17:27.205" level="INFO">{'Opportunity Name': 'Maier GmbH', 'Creation Type': 'Existing', 'Change Stage': 'Determine Interest', 'TYPE': None, 'External Account Mgr': None, 'Address': None, 'Postal Code': None, 'City': None, 'State': None, 'Country': None, 'Email': None, 'Website': None, 'Region': None}</msg>
<status status="PASS" starttime="20230222 11:17:27.205" endtime="20230222 11:17:27.205"/>
</kw>
<kw name="Get Data from Input Excel File">
<var>${input data list}</var>
<arg>${inputexcelrow}</arg>
<kw name="Create List" library="BuiltIn">
<var>${input data list}</var>
<doc>Returns a list containing given items.</doc>
<msg timestamp="20230222 11:17:27.205" level="INFO">${input data list} = []</msg>
<status status="PASS" starttime="20230222 11:17:27.205" endtime="20230222 11:17:27.205"/>
</kw>
<kw name="Set Variable" library="BuiltIn">
<var>${Opportunity Name}</var>
<arg>${inputexcelrow}[Opportunity Name]</arg>
<doc>Returns the given values which can then be assigned to a variables.</doc>
<msg timestamp="20230222 11:17:27.205" level="INFO">${Opportunity Name} = Maier GmbH</msg>
<status status="PASS" starttime="20230222 11:17:27.205" endtime="20230222 11:17:27.205"/>
</kw>
<kw name="Set Variable" library="BuiltIn">
<var>${Creation Type}</var>
<arg>${inputexcelrow}[Creation Type]</arg>
<doc>Returns the given values which can then be assigned to a variables.</doc>
<msg timestamp="20230222 11:17:27.205" level="INFO">${Creation Type} = Existing</msg>
<status status="PASS" starttime="20230222 11:17:27.205" endtime="20230222 11:17:27.205"/>
</kw>
<kw name="Set Variable" library="BuiltIn">
<var>${Change Stage}</var>
<arg>${inputexcelrow}[Change Stage]</arg>
<doc>Returns the given values which can then be assigned to a variables.</doc>
<msg timestamp="20230222 11:17:27.205" level="INFO">${Change Stage} = Determine Interest</msg>
<status status="PASS" starttime="20230222 11:17:27.205" endtime="20230222 11:17:27.205"/>
</kw>
<kw name="Set Variable" library="BuiltIn">
<var>${TYPE}</var>
<arg>${inputexcelrow}[TYPE]</arg>
<doc>Returns the given values which can then be assigned to a variables.</doc>
<msg timestamp="20230222 11:17:27.221" level="INFO">${TYPE} = None</msg>
<status status="PASS" starttime="20230222 11:17:27.205" endtime="20230222 11:17:27.221"/>
</kw>
<kw name="Set Variable" library="BuiltIn">
<var>${External Account Mgr}</var>
<arg>${inputexcelrow}[External Account Mgr]</arg>
<doc>Returns the given values which can then be assigned to a variables.</doc>
<msg timestamp="20230222 11:17:27.221" level="INFO">${External Account Mgr} = None</msg>
<status status="PASS" starttime="20230222 11:17:27.221" endtime="20230222 11:17:27.221"/>
</kw>
<kw name="Set Variable" library="BuiltIn">
<var>${Address}</var>
<arg>${inputexcelrow}[Address]</arg>
<doc>Returns the given values which can then be assigned to a variables.</doc>
<msg timestamp="20230222 11:17:27.221" level="INFO">${Address} = None</msg>
<status status="PASS" starttime="20230222 11:17:27.221" endtime="20230222 11:17:27.221"/>
</kw>
<kw name="Set Variable" library="BuiltIn">
<var>${Postal Code}</var>
<arg>${inputexcelrow}[Postal Code]</arg>
<doc>Returns the given values which can then be assigned to a variables.</doc>
<msg timestamp="20230222 11:17:27.221" level="INFO">${Postal Code} = None</msg>
<status status="PASS" starttime="20230222 11:17:27.221" endtime="20230222 11:17:27.221"/>
</kw>
<kw name="Set Variable" library="BuiltIn">
<var>${City}</var>
<arg>${inputexcelrow}[City]</arg>
<doc>Returns the given values which can then be assigned to a variables.</doc>
<msg timestamp="20230222 11:17:27.221" level="INFO">${City} = None</msg>
<status status="PASS" starttime="20230222 11:17:27.221" endtime="20230222 11:17:27.221"/>
</kw>
<kw name="Set Variable" library="BuiltIn">
<var>${State}</var>
<arg>${inputexcelrow}[State]</arg>
<doc>Returns the given values which can then be assigned to a variables.</doc>
<msg timestamp="20230222 11:17:27.221" level="INFO">${State} = None</msg>
<status status="PASS" starttime="20230222 11:17:27.221" endtime="20230222 11:17:27.221"/>
</kw>
<kw name="Set Variable" library="BuiltIn">
<var>${Country}</var>
<arg>${inputexcelrow}[Country]</arg>
<doc>Returns the given values which can then be assigned to a variables.</doc>
<msg timestamp="20230222 11:17:27.221" level="INFO">${Country} = None</msg>
<status status="PASS" starttime="20230222 11:17:27.221" endtime="20230222 11:17:27.221"/>
</kw>
<kw name="Set Variable" library="BuiltIn">
<var>${Email}</var>
<arg>${inputexcelrow}[Email]</arg>
<doc>Returns the given values which can then be assigned to a variables.</doc>
<msg timestamp="20230222 11:17:27.221" level="INFO">${Email} = None</msg>
<status status="PASS" starttime="20230222 11:17:27.221" endtime="20230222 11:17:27.221"/>
</kw>
<kw name="Set Variable" library="BuiltIn">
<var>${Website}</var>
<arg>${inputexcelrow}[Website]</arg>
<doc>Returns the given values which can then be assigned to a variables.</doc>
<msg timestamp="20230222 11:17:27.221" level="INFO">${Website} = None</msg>
<status status="PASS" starttime="20230222 11:17:27.221" endtime="20230222 11:17:27.221"/>
</kw>
<kw name="Set Variable" library="BuiltIn">
<var>${Region}</var>
<arg>${inputexcelrow}[Region]</arg>
<doc>Returns the given values which can then be assigned to a variables.</doc>
<msg timestamp="20230222 11:17:27.238" level="INFO">${Region} = None</msg>
<status status="PASS" starttime="20230222 11:17:27.238" endtime="20230222 11:17:27.238"/>
</kw>
<kw name="Append To List" library="Collections">
<arg>${input data list}</arg>
<arg>${Opportunity Name}</arg>
<arg>${Creation Type}</arg>
<arg>${Change Stage}</arg>
<arg>${TYPE}</arg>
<arg>${External Account Mgr}</arg>
<arg>${Address}</arg>
<arg>${Postal Code}</arg>
<arg>${City}</arg>
<arg>${State}</arg>
<arg>${Country}</arg>
<arg>${Email}</arg>
<arg>${Website}</arg>
<arg>${Region}</arg>
<doc>Adds ``values`` to the end of ``list``.</doc>
<status status="PASS" starttime="20230222 11:17:27.238" endtime="20230222 11:17:27.238"/>
</kw>
<return>
<value>${input data list}</value>
<status status="PASS" starttime="20230222 11:17:27.238" endtime="20230222 11:17:27.238"/>
</return>
<msg timestamp="20230222 11:17:27.238" level="INFO">${input data list} = ['Maier GmbH', 'Existing', 'Determine Interest', None, None, None, None, None, None, None, None, None, None]</msg>
<status status="PASS" starttime="20230222 11:17:27.205" endtime="20230222 11:17:27.238"/>
</kw>
<if>
<branch type="IF" condition="&quot;${input data list}[0]&quot; != &quot;None&quot;">
<kw name="Filter the data">
<arg>${input data list}</arg>
<kw name="Click Element" library="RPA.Browser.Selenium">
<arg>xpath=//button[@id="btnSearchAdvance"]</arg>
<doc>Click the element identified by ``locator``.</doc>
<msg timestamp="20230222 11:17:27.247" level="INFO">Clicking element 'xpath=//button[@id="btnSearchAdvance"]'.</msg>
<status status="PASS" starttime="20230222 11:17:27.247" endtime="20230222 11:17:27.532"/>
</kw>
<kw name="Sleep" library="BuiltIn">
<arg>2s</arg>
<doc>Pauses the test executed for the given time.</doc>
<msg timestamp="20230222 11:17:29.545" level="INFO">Slept 2 seconds</msg>
<status status="PASS" starttime="20230222 11:17:27.535" endtime="20230222 11:17:29.545"/>
</kw>
<kw name="Click Element" library="RPA.Browser.Selenium">
<arg>xpath=//span[@id="scWrap_scFieldList_1"]</arg>
<doc>Click the element identified by ``locator``.</doc>
<msg timestamp="20230222 11:17:29.545" level="INFO">Clicking element 'xpath=//span[@id="scWrap_scFieldList_1"]'.</msg>
<status status="PASS" starttime="20230222 11:17:29.545" endtime="20230222 11:17:29.752"/>
</kw>
<kw name="Sleep" library="BuiltIn">
<arg>10s</arg>
<doc>Pauses the test executed for the given time.</doc>
<msg timestamp="20230222 11:17:39.755" level="INFO">Slept 10 seconds</msg>
<status status="PASS" starttime="20230222 11:17:29.752" endtime="20230222 11:17:39.755"/>
</kw>
<kw name="Click Element" library="RPA.Browser.Selenium">
<arg>xpath=//ul[@id="scFieldList_{{sc.seq}}_listbox"]//li[@data-offset-index="29"]</arg>
<doc>Click the element identified by ``locator``.</doc>
<msg timestamp="20230222 11:17:39.755" level="INFO">Clicking element 'xpath=//ul[@id="scFieldList_{{sc.seq}}_listbox"]//li[@data-offset-index="29"]'.</msg>
<status status="PASS" starttime="20230222 11:17:39.755" endtime="20230222 11:17:40.106"/>
</kw>
<kw name="Sleep" library="BuiltIn">
<arg>2s</arg>
<doc>Pauses the test executed for the given time.</doc>
<msg timestamp="20230222 11:17:42.124" level="INFO">Slept 2 seconds</msg>
<status status="PASS" starttime="20230222 11:17:40.106" endtime="20230222 11:17:42.124"/>
</kw>
<kw name="Click Element" library="RPA.Browser.Selenium">
<arg>xpath=//span[@id="scWrap_scCondList_1"]</arg>
<doc>Click the element identified by ``locator``.</doc>
<msg timestamp="20230222 11:17:42.124" level="INFO">Clicking element 'xpath=//span[@id="scWrap_scCondList_1"]'.</msg>
<status status="PASS" starttime="20230222 11:17:42.124" endtime="20230222 11:17:42.342"/>
</kw>
<kw name="Sleep" library="BuiltIn">
<arg>2s</arg>
<doc>Pauses the test executed for the given time.</doc>
<msg timestamp="20230222 11:17:44.345" level="INFO">Slept 2 seconds</msg>
<status status="PASS" starttime="20230222 11:17:42.342" endtime="20230222 11:17:44.345"/>
</kw>
<kw name="Click Element" library="RPA.Browser.Selenium">
<arg>//*[@id="scCondList_{{sc.seq}}_listbox"]/li[1]</arg>
<doc>Click the element identified by ``locator``.</doc>
<msg timestamp="20230222 11:17:44.347" level="INFO">Clicking element '//*[@id="scCondList_{{sc.seq}}_listbox"]/li[1]'.</msg>
<status status="PASS" starttime="20230222 11:17:44.345" endtime="20230222 11:17:44.620"/>
</kw>
<kw name="Sleep" library="BuiltIn">
<arg>2s</arg>
<doc>Pauses the test executed for the given time.</doc>
<msg timestamp="20230222 11:17:46.628" level="INFO">Slept 2 seconds</msg>
<status status="PASS" starttime="20230222 11:17:44.621" endtime="20230222 11:17:46.629"/>
</kw>
<kw name="Click Element" library="RPA.Browser.Selenium">
<arg>xpath=//input[@id="scString1_1"]</arg>
<doc>Click the element identified by ``locator``.</doc>
<msg timestamp="20230222 11:17:46.629" level="INFO">Clicking element 'xpath=//input[@id="scString1_1"]'.</msg>
<status status="PASS" starttime="20230222 11:17:46.629" endtime="20230222 11:17:46.745"/>
</kw>
<kw name="Sleep" library="BuiltIn">
<arg>2s</arg>
<doc>Pauses the test executed for the given time.</doc>
<msg timestamp="20230222 11:17:48.759" level="INFO">Slept 2 seconds</msg>
<status status="PASS" starttime="20230222 11:17:46.747" endtime="20230222 11:17:48.760"/>
</kw>
<kw name="Input Text" library="RPA.Browser.Selenium">
<arg>xpath=//input[@id="scString1_1"]</arg>
<arg>${input data list}[0]</arg>
<doc>Types the given ``text`` into the text field identified by ``locator``.</doc>
<msg timestamp="20230222 11:17:48.761" level="INFO">Typing text 'Maier GmbH' into text field 'xpath=//input[@id="scString1_1"]'.</msg>
<status status="PASS" starttime="20230222 11:17:48.761" endtime="20230222 11:17:48.951"/>
</kw>
<kw name="Sleep" library="BuiltIn">
<arg>2s</arg>
<doc>Pauses the test executed for the given time.</doc>
<msg timestamp="20230222 11:17:50.972" level="INFO">Slept 2 seconds</msg>
<status status="PASS" starttime="20230222 11:17:48.951" endtime="20230222 11:17:50.973"/>
</kw>
<kw name="Click Element" library="RPA.Browser.Selenium">
<arg>xpath=//button[@id="btnSaveSearchCond"]</arg>
<doc>Click the element identified by ``locator``.</doc>
<msg timestamp="20230222 11:17:50.974" level="INFO">Clicking element 'xpath=//button[@id="btnSaveSearchCond"]'.</msg>
<status status="PASS" starttime="20230222 11:17:50.973" endtime="20230222 11:17:51.135"/>
</kw>
<kw name="Sleep" library="BuiltIn">
<arg>4s</arg>
<doc>Pauses the test executed for the given time.</doc>
<msg timestamp="20230222 11:17:55.145" level="INFO">Slept 4 seconds</msg>
<status status="PASS" starttime="20230222 11:17:51.135" endtime="20230222 11:17:55.146"/>
</kw>
<status status="PASS" starttime="20230222 11:17:27.247" endtime="20230222 11:17:55.146"/>
</kw>
<kw name="Does Page Contain Element" library="RPA.Browser.Selenium">
<var>${resultexist}</var>
<arg>xpath=//tr[@class="k-master-row k-state-selected"]</arg>
<doc>Does page contain expected element</doc>
<msg timestamp="20230222 11:17:55.175" level="INFO">Current page contains element 'xpath=//tr[@class="k-master-row k-state-selected"]'.</msg>
<msg timestamp="20230222 11:17:55.175" level="INFO">${resultexist} = True</msg>
<status status="PASS" starttime="20230222 11:17:55.147" endtime="20230222 11:17:55.175"/>
</kw>
<if>
<branch type="IF" condition="${resultexist} == ${True}">
<if>
<branch type="IF" condition="&quot;${input data list}[1]&quot; == &quot;Existing&quot;">
<kw name="Edit the data">
<arg>${configlist}</arg>
<arg>${input data list}</arg>
<kw name="Click Element" library="RPA.Browser.Selenium">
<arg>xpath=//a[@id="ToolBtnUpdate"]</arg>
<doc>Click the element identified by ``locator``.</doc>
<msg timestamp="20230222 11:17:55.175" level="INFO">Clicking element 'xpath=//a[@id="ToolBtnUpdate"]'.</msg>
<status status="PASS" starttime="20230222 11:17:55.175" endtime="20230222 11:17:55.574"/>
</kw>
<kw name="Sleep" library="BuiltIn">
<arg>2s</arg>
<doc>Pauses the test executed for the given time.</doc>
<msg timestamp="20230222 11:17:57.578" level="INFO">Slept 2 seconds</msg>
<status status="PASS" starttime="20230222 11:17:55.575" endtime="20230222 11:17:57.578"/>
</kw>
<kw name="Scroll Element Into View" library="RPA.Browser.Selenium">
<arg>xpath=//button[@id="SalesOpportunitys_ChangeStage"]</arg>
<doc>Scrolls the element identified by ``locator`` into view.</doc>
<status status="PASS" starttime="20230222 11:17:57.578" endtime="20230222 11:17:57.889"/>
</kw>
<kw name="Sleep" library="BuiltIn">
<arg>2s</arg>
<doc>Pauses the test executed for the given time.</doc>
<msg timestamp="20230222 11:17:59.898" level="INFO">Slept 2 seconds</msg>
<status status="PASS" starttime="20230222 11:17:57.889" endtime="20230222 11:17:59.898"/>
</kw>
<kw name="Click Element" library="RPA.Browser.Selenium">
<arg>xpath=//button[@id="SalesOpportunitys_ChangeStage"]</arg>
<doc>Click the element identified by ``locator``.</doc>
<msg timestamp="20230222 11:17:59.900" level="INFO">Clicking element 'xpath=//button[@id="SalesOpportunitys_ChangeStage"]'.</msg>
<status status="PASS" starttime="20230222 11:17:59.898" endtime="20230222 11:18:02.204"/>
</kw>
<kw name="Sleep" library="BuiltIn">
<arg>7s</arg>
<doc>Pauses the test executed for the given time.</doc>
<msg timestamp="20230222 11:18:09.211" level="INFO">Slept 7 seconds</msg>
<status status="PASS" starttime="20230222 11:18:02.205" endtime="20230222 11:18:09.211"/>
</kw>
<kw name="Select Frame" library="RPA.Browser.Selenium">
<arg>toRuleThemAll</arg>
<doc>Sets frame identified by ``locator`` as the current frame.</doc>
<msg timestamp="20230222 11:18:09.211" level="INFO">Selecting frame 'toRuleThemAll'.</msg>
<status status="PASS" starttime="20230222 11:18:09.211" endtime="20230222 11:18:09.277"/>
</kw>
<kw name="Click Element" library="RPA.Browser.Selenium">
<arg>xpath=//span[@class="k-input"]</arg>
<doc>Click the element identified by ``locator``.</doc>
<msg timestamp="20230222 11:18:09.277" level="INFO">Clicking element 'xpath=//span[@class="k-input"]'.</msg>
<status status="PASS" starttime="20230222 11:18:09.277" endtime="20230222 11:18:09.499"/>
</kw>
<kw name="Sleep" library="BuiltIn">
<arg>3s</arg>
<doc>Pauses the test executed for the given time.</doc>
<msg timestamp="20230222 11:18:12.514" level="INFO">Slept 3 seconds</msg>
<status status="PASS" starttime="20230222 11:18:09.499" endtime="20230222 11:18:12.515"/>
</kw>
<try>
<branch type="TRY">
<kw name="Click Element" library="RPA.Browser.Selenium">
<arg>xpath=//ul[@class="k-list k-reset"]/li[text()[contains(.,'${input data list}[2]')]]</arg>
<doc>Click the element identified by ``locator``.</doc>
<msg timestamp="20230222 11:18:12.515" level="INFO">Clicking element 'xpath=//ul[@class="k-list k-reset"]/li[text()[contains(.,'Determine Interest')]]'.</msg>
<status status="PASS" starttime="20230222 11:18:12.515" endtime="20230222 11:18:12.670"/>
</kw>
<kw name="Sleep" library="BuiltIn">
<arg>2s</arg>
<doc>Pauses the test executed for the given time.</doc>
<msg timestamp="20230222 11:18:14.674" level="INFO">Slept 2 seconds</msg>
<status status="PASS" starttime="20230222 11:18:12.674" endtime="20230222 11:18:14.675"/>
</kw>
<kw name="Click Element" library="RPA.Browser.Selenium">
<arg>//*[@id="ToolBtnSave"]</arg>
<doc>Click the element identified by ``locator``.</doc>
<msg timestamp="20230222 11:18:14.675" level="INFO">Clicking element '//*[@id="ToolBtnSave"]'.</msg>
<status status="PASS" starttime="20230222 11:18:14.675" endtime="20230222 11:18:18.234"/>
</kw>
<kw name="Sleep" library="BuiltIn">
<arg>7s</arg>
<doc>Pauses the test executed for the given time.</doc>
<msg timestamp="20230222 11:18:25.257" level="INFO">Slept 7 seconds</msg>
<status status="PASS" starttime="20230222 11:18:18.234" endtime="20230222 11:18:25.258"/>
</kw>
<kw name="Does Page Contain Element" library="RPA.Browser.Selenium">
<var>${subelement}</var>
<arg>xpath=//div[@id="qModalDialog"]</arg>
<doc>Does page contain expected element</doc>
<msg timestamp="20230222 11:18:25.309" level="INFO" html="true">Ran with keyword &lt;b&gt;Page Should Contain Element&lt;/b&gt; which returned error: &lt;i&gt;Page should have contained element 'xpath=//div[@id="qModalDialog"]' but did not.&lt;/i&gt;</msg>
<msg timestamp="20230222 11:18:25.309" level="INFO">${subelement} = False</msg>
<status status="PASS" starttime="20230222 11:18:25.261" endtime="20230222 11:18:25.309"/>
</kw>
<if>
<branch type="IF" condition="${subelement} == ${True}">
<kw name="Click Element" library="RPA.Browser.Selenium">
<arg>xpath=//div[@id="qModalDialog"]//button[@id="qModalDialogConfirm"]</arg>
<doc>Click the element identified by ``locator``.</doc>
<status status="NOT RUN" starttime="20230222 11:18:25.309" endtime="20230222 11:18:25.309"/>
</kw>
<kw name="Sleep" library="BuiltIn">
<arg>5s</arg>
<doc>Pauses the test executed for the given time.</doc>
<status status="NOT RUN" starttime="20230222 11:18:25.309" endtime="20230222 11:18:25.309"/>
</kw>
<status status="NOT RUN" starttime="20230222 11:18:25.309" endtime="20230222 11:18:25.309"/>
</branch>
<branch type="ELSE">
<kw name="Set Variable" library="BuiltIn">
<var>${exceptsavebutton}</var>
<arg>No Subelement is present</arg>
<doc>Returns the given values which can then be assigned to a variables.</doc>
<msg timestamp="20230222 11:18:25.309" level="INFO">${exceptsavebutton} = No Subelement is present</msg>
<status status="PASS" starttime="20230222 11:18:25.309" endtime="20230222 11:18:25.309"/>
</kw>
<status status="PASS" starttime="20230222 11:18:25.309" endtime="20230222 11:18:25.309"/>
</branch>
<status status="PASS" starttime="20230222 11:18:25.309" endtime="20230222 11:18:25.309"/>
</if>
<kw name="Unselect Frame" library="RPA.Browser.Selenium">
<doc>Sets the main frame as the current frame.</doc>
<status status="PASS" starttime="20230222 11:18:25.309" endtime="20230222 11:18:25.331"/>
</kw>
<kw name="Sleep" library="BuiltIn">
<arg>2s</arg>
<doc>Pauses the test executed for the given time.</doc>
<msg timestamp="20230222 11:18:27.336" level="INFO">Slept 2 seconds</msg>
<status status="PASS" starttime="20230222 11:18:25.331" endtime="20230222 11:18:27.336"/>
</kw>
<kw name="Click Element" library="RPA.Browser.Selenium">
<arg>xpath=//div[@id="qViewFormPane"]//span[@class="fa fa-minus"]</arg>
<doc>Click the element identified by ``locator``.</doc>
<msg timestamp="20230222 11:18:27.338" level="INFO">Clicking element 'xpath=//div[@id="qViewFormPane"]//span[@class="fa fa-minus"]'.</msg>
<status status="PASS" starttime="20230222 11:18:27.337" endtime="20230222 11:18:27.733"/>
</kw>
<kw name="Sleep" library="BuiltIn">
<arg>4s</arg>
<doc>Pauses the test executed for the given time.</doc>
<msg timestamp="20230222 11:18:31.738" level="INFO">Slept 4 seconds</msg>
<status status="PASS" starttime="20230222 11:18:27.733" endtime="20230222 11:18:31.739"/>
</kw>
<status status="PASS" starttime="20230222 11:18:12.515" endtime="20230222 11:18:31.739"/>
</branch>
<branch type="EXCEPT">
<kw name="Set Variable" library="BuiltIn">
<var>${exceptionMessage}</var>
<arg>Change stage cannot be found</arg>
<doc>Returns the given values which can then be assigned to a variables.</doc>
<status status="NOT RUN" starttime="20230222 11:18:31.740" endtime="20230222 11:18:31.740"/>
</kw>
<kw name="Sleep" library="BuiltIn">
<arg>2s</arg>
<doc>Pauses the test executed for the given time.</doc>
<status status="NOT RUN" starttime="20230222 11:18:31.740" endtime="20230222 11:18:31.740"/>
</kw>
<kw name="Click Element" library="RPA.Browser.Selenium">
<arg>xpath=//button[@id="kendoWindowChildCloseButton"]</arg>
<doc>Click the element identified by ``locator``.</doc>
<status status="NOT RUN" starttime="20230222 11:18:31.740" endtime="20230222 11:18:31.740"/>
</kw>
<kw name="Sleep" library="BuiltIn">
<arg>10s</arg>
<doc>Pauses the test executed for the given time.</doc>
<status status="NOT RUN" starttime="20230222 11:18:31.740" endtime="20230222 11:18:31.740"/>
</kw>
<kw name="Unselect Frame" library="RPA.Browser.Selenium">
<doc>Sets the main frame as the current frame.</doc>
<status status="NOT RUN" starttime="20230222 11:18:31.740" endtime="20230222 11:18:31.740"/>
</kw>
<kw name="Does Page Contain Element" library="RPA.Browser.Selenium">
<var>${subcloseelement}</var>
<arg>xpath=//div[@uib-modal-window="modal-window"]//div[@id="qModalDialog"]</arg>
<doc>Does page contain expected element</doc>
<status status="NOT RUN" starttime="20230222 11:18:31.746" endtime="20230222 11:18:31.747"/>
</kw>
<if>
<branch type="IF" condition="${subcloseelement} == ${True}">
<kw name="Click Element" library="RPA.Browser.Selenium">
<arg>xpath=//div[@id="qModalDialog"]//button[@id="qModalDialogConfirm"]</arg>
<doc>Click the element identified by ``locator``.</doc>
<status status="NOT RUN" starttime="20230222 11:18:31.748" endtime="20230222 11:18:31.748"/>
</kw>
<kw name="Sleep" library="BuiltIn">
<arg>3s</arg>
<doc>Pauses the test executed for the given time.</doc>
<status status="NOT RUN" starttime="20230222 11:18:31.748" endtime="20230222 11:18:31.748"/>
</kw>
<kw name="Click Element" library="RPA.Browser.Selenium">
<arg>//div[@id="qViewFormPane"]//span[@class="fa fa-minus"]</arg>
<doc>Click the element identified by ``locator``.</doc>
<status status="NOT RUN" starttime="20230222 11:18:31.748" endtime="20230222 11:18:31.748"/>
</kw>
<status status="NOT RUN" starttime="20230222 11:18:31.748" endtime="20230222 11:18:31.748"/>
</branch>
<branch type="ELSE">
<kw name="Set Variable" library="BuiltIn">
<var>${exceptleavebutton}</var>
<arg>unable to close the element</arg>
<doc>Returns the given values which can then be assigned to a variables.</doc>
<status status="NOT RUN" starttime="20230222 11:18:31.748" endtime="20230222 11:18:31.748"/>
</kw>
<kw name="Sleep" library="BuiltIn">
<arg>3s</arg>
<doc>Pauses the test executed for the given time.</doc>
<status status="NOT RUN" starttime="20230222 11:18:31.748" endtime="20230222 11:18:31.748"/>
</kw>
<status status="NOT RUN" starttime="20230222 11:18:31.748" endtime="20230222 11:18:31.748"/>
</branch>
<status status="NOT RUN" starttime="20230222 11:18:31.748" endtime="20230222 11:18:31.748"/>
</if>
<status status="NOT RUN" starttime="20230222 11:18:31.739" endtime="20230222 11:18:31.748"/>
</branch>
<status status="PASS" starttime="20230222 11:18:12.515" endtime="20230222 11:18:31.748"/>
</try>
<status status="PASS" starttime="20230222 11:17:55.175" endtime="20230222 11:18:31.748"/>
</kw>
<status status="PASS" starttime="20230222 11:17:55.175" endtime="20230222 11:18:31.748"/>
</branch>
<branch type="ELSE">
<kw name="Log" library="BuiltIn">
<arg>business exception</arg>
<doc>Logs the given message with the given level.</doc>
<status status="NOT RUN" starttime="20230222 11:18:31.748" endtime="20230222 11:18:31.748"/>
</kw>
<kw name="Business exception mail">
<arg>${configlist}</arg>
<arg>${input data list}</arg>
<status status="NOT RUN" starttime="20230222 11:18:31.748" endtime="20230222 11:18:31.748"/>
</kw>
<status status="NOT RUN" starttime="20230222 11:18:31.748" endtime="20230222 11:18:31.748"/>
</branch>
<status status="PASS" starttime="20230222 11:17:55.175" endtime="20230222 11:18:31.748"/>
</if>
<status status="PASS" starttime="20230222 11:17:55.175" endtime="20230222 11:18:31.748"/>
</branch>
<branch type="ELSE">
<if>
<branch type="IF" condition="&quot;${input data list}[1]&quot; == &quot;Existing&quot;">
<kw name="Business Exception subject if new marked as Existing">
<arg>${configlist}</arg>
<arg>${input data list}</arg>
<status status="NOT RUN" starttime="20230222 11:18:31.748" endtime="20230222 11:18:31.748"/>
</kw>
<status status="NOT RUN" starttime="20230222 11:18:31.748" endtime="20230222 11:18:31.748"/>
</branch>
<branch type="ELSE">
<kw name="Click Element" library="RPA.Browser.Selenium">
<arg>xpath=//a[@id="ToolBtnNew"]</arg>
<doc>Click the element identified by ``locator``.</doc>
<status status="NOT RUN" starttime="20230222 11:18:31.748" endtime="20230222 11:18:31.748"/>
</kw>
<kw name="Sleep" library="BuiltIn">
<arg>8s</arg>
<doc>Pauses the test executed for the given time.</doc>
<status status="NOT RUN" starttime="20230222 11:18:31.764" endtime="20230222 11:18:31.765"/>
</kw>
<kw name="Click Element" library="RPA.Browser.Selenium">
<arg>xpath=//button[@id="AccountNameAutoField_lookup"]//span[@class="fa fa-search"]</arg>
<doc>Click the element identified by ``locator``.</doc>
<status status="NOT RUN" starttime="20230222 11:18:31.765" endtime="20230222 11:18:31.765"/>
</kw>
<kw name="Sleep" library="BuiltIn">
<arg>2s</arg>
<doc>Pauses the test executed for the given time.</doc>
<status status="NOT RUN" starttime="20230222 11:18:31.765" endtime="20230222 11:18:31.765"/>
</kw>
<kw name="Select Frame" library="RPA.Browser.Selenium">
<arg>lookUpModalIframe</arg>
<doc>Sets frame identified by ``locator`` as the current frame.</doc>
<status status="NOT RUN" starttime="20230222 11:18:31.767" endtime="20230222 11:18:31.767"/>
</kw>
<kw name="Sleep" library="BuiltIn">
<arg>3s</arg>
<doc>Pauses the test executed for the given time.</doc>
<status status="NOT RUN" starttime="20230222 11:18:31.767" endtime="20230222 11:18:31.767"/>
</kw>
<kw name="Input Text" library="RPA.Browser.Selenium">
<arg>//div[@class="qBrowseSearchToolbar"]//input[@placeholder="Account Name starts with"]</arg>
<arg>${input data list}[0]</arg>
<doc>Types the given ``text`` into the text field identified by ``locator``.</doc>
<status status="NOT RUN" starttime="20230222 11:18:31.767" endtime="20230222 11:18:31.767"/>
</kw>
<kw name="Sleep" library="BuiltIn">
<arg>3s</arg>
<doc>Pauses the test executed for the given time.</doc>
<status status="NOT RUN" starttime="20230222 11:18:31.767" endtime="20230222 11:18:31.767"/>
</kw>
<kw name="Press Keys" library="RPA.Browser.Selenium">
<arg>//div[@class="qBrowseSearchToolbar"]//input[@placeholder="Account Name starts with"]</arg>
<arg>ENTER</arg>
<doc>Simulates the user pressing key(s) to an element or on the active browser.</doc>
<status status="NOT RUN" starttime="20230222 11:18:31.771" endtime="20230222 11:18:31.771"/>
</kw>
<kw name="Sleep" library="BuiltIn">
<arg>7s</arg>
<doc>Pauses the test executed for the given time.</doc>
<status status="NOT RUN" starttime="20230222 11:18:31.774" endtime="20230222 11:18:31.775"/>
</kw>
<kw name="Does Page Contain Element" library="RPA.Browser.Selenium">
<var>${rowpresent}</var>
<arg>xpath=//tr[@class="k-master-row k-state-selected"]</arg>
<doc>Does page contain expected element</doc>
<status status="NOT RUN" starttime="20230222 11:18:31.776" endtime="20230222 11:18:31.776"/>
</kw>
<if>
<branch type="IF" condition="${rowpresent} == ${True}">
<kw name="Sleep" library="BuiltIn">
<arg>4s</arg>
<doc>Pauses the test executed for the given time.</doc>
<status status="NOT RUN" starttime="20230222 11:18:31.776" endtime="20230222 11:18:31.776"/>
</kw>
<kw name="Unselect Frame" library="RPA.Browser.Selenium">
<doc>Sets the main frame as the current frame.</doc>
<status status="NOT RUN" starttime="20230222 11:18:31.776" endtime="20230222 11:18:31.776"/>
</kw>
<kw name="Click Element" library="RPA.Browser.Selenium">
<arg>xpath=//button[@ng-click="ok()"]</arg>
<doc>Click the element identified by ``locator``.</doc>
<status status="NOT RUN" starttime="20230222 11:18:31.776" endtime="20230222 11:18:31.776"/>
</kw>
<kw name="Sleep" library="BuiltIn">
<arg>7s</arg>
<doc>Pauses the test executed for the given time.</doc>
<status status="NOT RUN" starttime="20230222 11:18:31.776" endtime="20230222 11:18:31.776"/>
</kw>
<kw name="Click Element" library="RPA.Browser.Selenium">
<arg>xpath=//button[@id="ToolBtnSave"]</arg>
<doc>Click the element identified by ``locator``.</doc>
<status status="NOT RUN" starttime="20230222 11:18:31.776" endtime="20230222 11:18:31.776"/>
</kw>
<kw name="Sleep" library="BuiltIn">
<arg>4s</arg>
<doc>Pauses the test executed for the given time.</doc>
<status status="NOT RUN" starttime="20230222 11:18:31.776" endtime="20230222 11:18:31.776"/>
</kw>
<kw name="Click Element" library="RPA.Browser.Selenium">
<arg>xpath=//button[@id="btnViewFormPane"]//span[@class="fa fa-minus"]</arg>
<doc>Click the element identified by ``locator``.</doc>
<status status="NOT RUN" starttime="20230222 11:18:31.776" endtime="20230222 11:18:31.784"/>
</kw>
<status status="NOT RUN" starttime="20230222 11:18:31.776" endtime="20230222 11:18:31.784"/>
</branch>
<branch type="ELSE">
<kw name="Unselect Frame" library="RPA.Browser.Selenium">
<doc>Sets the main frame as the current frame.</doc>
<status status="NOT RUN" starttime="20230222 11:18:31.786" endtime="20230222 11:18:31.786"/>
</kw>
<kw name="Click Element" library="RPA.Browser.Selenium">
<arg>xpath=//button[@id="lookUpCancelBtn"]</arg>
<doc>Click the element identified by ``locator``.</doc>
<status status="NOT RUN" starttime="20230222 11:18:31.786" endtime="20230222 11:18:31.786"/>
</kw>
<kw name="Sleep" library="BuiltIn">
<arg>7s</arg>
<doc>Pauses the test executed for the given time.</doc>
<status status="NOT RUN" starttime="20230222 11:18:31.786" endtime="20230222 11:18:31.788"/>
</kw>
<kw name="Create the data">
<arg>${input data list}</arg>
<status status="NOT RUN" starttime="20230222 11:18:31.788" endtime="20230222 11:18:31.788"/>
</kw>
<status status="NOT RUN" starttime="20230222 11:18:31.785" endtime="20230222 11:18:31.788"/>
</branch>
<status status="NOT RUN" starttime="20230222 11:18:31.776" endtime="20230222 11:18:31.788"/>
</if>
<status status="NOT RUN" starttime="20230222 11:18:31.748" endtime="20230222 11:18:31.788"/>
</branch>
<status status="NOT RUN" starttime="20230222 11:18:31.748" endtime="20230222 11:18:31.788"/>
</if>
<status status="NOT RUN" starttime="20230222 11:18:31.748" endtime="20230222 11:18:31.788"/>
</branch>
<status status="PASS" starttime="20230222 11:17:55.175" endtime="20230222 11:18:31.788"/>
</if>
<status status="PASS" starttime="20230222 11:17:27.247" endtime="20230222 11:18:31.788"/>
</branch>
<branch type="ELSE">
<kw name="Log" library="BuiltIn">
<arg>cell is empty</arg>
<doc>Logs the given message with the given level.</doc>
<status status="NOT RUN" starttime="20230222 11:18:31.788" endtime="20230222 11:18:31.788"/>
</kw>
<status status="NOT RUN" starttime="20230222 11:18:31.788" endtime="20230222 11:18:31.788"/>
</branch>
<status status="PASS" starttime="20230222 11:17:27.238" endtime="20230222 11:18:31.788"/>
</if>
<status status="PASS" starttime="20230222 11:17:27.205" endtime="20230222 11:18:31.788"/>
</iter>
<iter>
<var name="${inputexcelrow}">{'Opportunity Name': 'LTZ Retail', 'Creation Type': 'New', 'Change Stage': None, 'TYPE': None, 'External Account Mgr': None, 'Address': None, 'Postal Code': None, 'City': None, 'State': None, 'Country...</var>
<kw name="Log" library="BuiltIn">
<arg>${inputexcelrow}</arg>
<doc>Logs the given message with the given level.</doc>
<msg timestamp="20230222 11:18:31.788" level="INFO">{'Opportunity Name': 'LTZ Retail', 'Creation Type': 'New', 'Change Stage': None, 'TYPE': None, 'External Account Mgr': None, 'Address': None, 'Postal Code': None, 'City': None, 'State': None, 'Country': None, 'Email': None, 'Website': None, 'Region': None}</msg>
<status status="PASS" starttime="20230222 11:18:31.788" endtime="20230222 11:18:31.788"/>
</kw>
<kw name="Get Data from Input Excel File">
<var>${input data list}</var>
<arg>${inputexcelrow}</arg>
<kw name="Create List" library="BuiltIn">
<var>${input data list}</var>
<doc>Returns a list containing given items.</doc>
<msg timestamp="20230222 11:18:31.797" level="INFO">${input data list} = []</msg>
<status status="PASS" starttime="20230222 11:18:31.797" endtime="20230222 11:18:31.797"/>
</kw>
<kw name="Set Variable" library="BuiltIn">
<var>${Opportunity Name}</var>
<arg>${inputexcelrow}[Opportunity Name]</arg>
<doc>Returns the given values which can then be assigned to a variables.</doc>
<msg timestamp="20230222 11:18:31.797" level="INFO">${Opportunity Name} = LTZ Retail</msg>
<status status="PASS" starttime="20230222 11:18:31.797" endtime="20230222 11:18:31.797"/>
</kw>
<kw name="Set Variable" library="BuiltIn">
<var>${Creation Type}</var>
<arg>${inputexcelrow}[Creation Type]</arg>
<doc>Returns the given values which can then be assigned to a variables.</doc>
<msg timestamp="20230222 11:18:31.797" level="INFO">${Creation Type} = New</msg>
<status status="PASS" starttime="20230222 11:18:31.797" endtime="20230222 11:18:31.797"/>
</kw>
<kw name="Set Variable" library="BuiltIn">
<var>${Change Stage}</var>
<arg>${inputexcelrow}[Change Stage]</arg>
<doc>Returns the given values which can then be assigned to a variables.</doc>
<msg timestamp="20230222 11:18:31.797" level="INFO">${Change Stage} = None</msg>
<status status="PASS" starttime="20230222 11:18:31.797" endtime="20230222 11:18:31.797"/>
</kw>
<kw name="Set Variable" library="BuiltIn">
<var>${TYPE}</var>
<arg>${inputexcelrow}[TYPE]</arg>
<doc>Returns the given values which can then be assigned to a variables.</doc>
<msg timestamp="20230222 11:18:31.797" level="INFO">${TYPE} = None</msg>
<status status="PASS" starttime="20230222 11:18:31.797" endtime="20230222 11:18:31.797"/>
</kw>
<kw name="Set Variable" library="BuiltIn">
<var>${External Account Mgr}</var>
<arg>${inputexcelrow}[External Account Mgr]</arg>
<doc>Returns the given values which can then be assigned to a variables.</doc>
<msg timestamp="20230222 11:18:31.797" level="INFO">${External Account Mgr} = None</msg>
<status status="PASS" starttime="20230222 11:18:31.797" endtime="20230222 11:18:31.797"/>
</kw>
<kw name="Set Variable" library="BuiltIn">
<var>${Address}</var>
<arg>${inputexcelrow}[Address]</arg>
<doc>Returns the given values which can then be assigned to a variables.</doc>
<msg timestamp="20230222 11:18:31.797" level="INFO">${Address} = None</msg>
<status status="PASS" starttime="20230222 11:18:31.797" endtime="20230222 11:18:31.797"/>
</kw>
<kw name="Set Variable" library="BuiltIn">
<var>${Postal Code}</var>
<arg>${inputexcelrow}[Postal Code]</arg>
<doc>Returns the given values which can then be assigned to a variables.</doc>
<msg timestamp="20230222 11:18:31.797" level="INFO">${Postal Code} = None</msg>
<status status="PASS" starttime="20230222 11:18:31.797" endtime="20230222 11:18:31.797"/>
</kw>
<kw name="Set Variable" library="BuiltIn">
<var>${City}</var>
<arg>${inputexcelrow}[City]</arg>
<doc>Returns the given values which can then be assigned to a variables.</doc>
<msg timestamp="20230222 11:18:31.797" level="INFO">${City} = None</msg>
<status status="PASS" starttime="20230222 11:18:31.797" endtime="20230222 11:18:31.797"/>
</kw>
<kw name="Set Variable" library="BuiltIn">
<var>${State}</var>
<arg>${inputexcelrow}[State]</arg>
<doc>Returns the given values which can then be assigned to a variables.</doc>
<msg timestamp="20230222 11:18:31.814" level="INFO">${State} = None</msg>
<status status="PASS" starttime="20230222 11:18:31.797" endtime="20230222 11:18:31.814"/>
</kw>
<kw name="Set Variable" library="BuiltIn">
<var>${Country}</var>
<arg>${inputexcelrow}[Country]</arg>
<doc>Returns the given values which can then be assigned to a variables.</doc>
<msg timestamp="20230222 11:18:31.814" level="INFO">${Country} = None</msg>
<status status="PASS" starttime="20230222 11:18:31.814" endtime="20230222 11:18:31.814"/>
</kw>
<kw name="Set Variable" library="BuiltIn">
<var>${Email}</var>
<arg>${inputexcelrow}[Email]</arg>
<doc>Returns the given values which can then be assigned to a variables.</doc>
<msg timestamp="20230222 11:18:31.814" level="INFO">${Email} = None</msg>
<status status="PASS" starttime="20230222 11:18:31.814" endtime="20230222 11:18:31.814"/>
</kw>
<kw name="Set Variable" library="BuiltIn">
<var>${Website}</var>
<arg>${inputexcelrow}[Website]</arg>
<doc>Returns the given values which can then be assigned to a variables.</doc>
<msg timestamp="20230222 11:18:31.814" level="INFO">${Website} = None</msg>
<status status="PASS" starttime="20230222 11:18:31.814" endtime="20230222 11:18:31.814"/>
</kw>
<kw name="Set Variable" library="BuiltIn">
<var>${Region}</var>
<arg>${inputexcelrow}[Region]</arg>
<doc>Returns the given values which can then be assigned to a variables.</doc>
<msg timestamp="20230222 11:18:31.814" level="INFO">${Region} = None</msg>
<status status="PASS" starttime="20230222 11:18:31.814" endtime="20230222 11:18:31.814"/>
</kw>
<kw name="Append To List" library="Collections">
<arg>${input data list}</arg>
<arg>${Opportunity Name}</arg>
<arg>${Creation Type}</arg>
<arg>${Change Stage}</arg>
<arg>${TYPE}</arg>
<arg>${External Account Mgr}</arg>
<arg>${Address}</arg>
<arg>${Postal Code}</arg>
<arg>${City}</arg>
<arg>${State}</arg>
<arg>${Country}</arg>
<arg>${Email}</arg>
<arg>${Website}</arg>
<arg>${Region}</arg>
<doc>Adds ``values`` to the end of ``list``.</doc>
<status status="PASS" starttime="20230222 11:18:31.814" endtime="20230222 11:18:31.823"/>
</kw>
<return>
<value>${input data list}</value>
<status status="PASS" starttime="20230222 11:18:31.823" endtime="20230222 11:18:31.823"/>
</return>
<msg timestamp="20230222 11:18:31.823" level="INFO">${input data list} = ['LTZ Retail', 'New', None, None, None, None, None, None, None, None, None, None, None]</msg>
<status status="PASS" starttime="20230222 11:18:31.797" endtime="20230222 11:18:31.823"/>
</kw>
<if>
<branch type="IF" condition="&quot;${input data list}[0]&quot; != &quot;None&quot;">
<kw name="Filter the data">
<arg>${input data list}</arg>
<kw name="Click Element" library="RPA.Browser.Selenium">
<arg>xpath=//button[@id="btnSearchAdvance"]</arg>
<doc>Click the element identified by ``locator``.</doc>
<msg timestamp="20230222 11:18:31.823" level="INFO">Clicking element 'xpath=//button[@id="btnSearchAdvance"]'.</msg>
<status status="PASS" starttime="20230222 11:18:31.823" endtime="20230222 11:18:32.026"/>
</kw>
<kw name="Sleep" library="BuiltIn">
<arg>2s</arg>
<doc>Pauses the test executed for the given time.</doc>
<msg timestamp="20230222 11:18:34.031" level="INFO">Slept 2 seconds</msg>
<status status="PASS" starttime="20230222 11:18:32.026" endtime="20230222 11:18:34.032"/>
</kw>
<kw name="Click Element" library="RPA.Browser.Selenium">
<arg>xpath=//span[@id="scWrap_scFieldList_1"]</arg>
<doc>Click the element identified by ``locator``.</doc>
<msg timestamp="20230222 11:18:34.032" level="INFO">Clicking element 'xpath=//span[@id="scWrap_scFieldList_1"]'.</msg>
<status status="PASS" starttime="20230222 11:18:34.032" endtime="20230222 11:18:34.183"/>
</kw>
<kw name="Sleep" library="BuiltIn">
<arg>10s</arg>
<doc>Pauses the test executed for the given time.</doc>
<msg timestamp="20230222 11:18:44.203" level="INFO">Slept 10 seconds</msg>
<status status="PASS" starttime="20230222 11:18:34.189" endtime="20230222 11:18:44.203"/>
</kw>
<kw name="Click Element" library="RPA.Browser.Selenium">
<arg>xpath=//ul[@id="scFieldList_{{sc.seq}}_listbox"]//li[@data-offset-index="29"]</arg>
<doc>Click the element identified by ``locator``.</doc>
<msg timestamp="20230222 11:18:44.203" level="INFO">Clicking element 'xpath=//ul[@id="scFieldList_{{sc.seq}}_listbox"]//li[@data-offset-index="29"]'.</msg>
<status status="PASS" starttime="20230222 11:18:44.203" endtime="20230222 11:18:44.311"/>
</kw>
<kw name="Sleep" library="BuiltIn">
<arg>2s</arg>
<doc>Pauses the test executed for the given time.</doc>
<msg timestamp="20230222 11:18:46.326" level="INFO">Slept 2 seconds</msg>
<status status="PASS" starttime="20230222 11:18:44.311" endtime="20230222 11:18:46.327"/>
</kw>
<kw name="Click Element" library="RPA.Browser.Selenium">
<arg>xpath=//span[@id="scWrap_scCondList_1"]</arg>
<doc>Click the element identified by ``locator``.</doc>
<msg timestamp="20230222 11:18:46.329" level="INFO">Clicking element 'xpath=//span[@id="scWrap_scCondList_1"]'.</msg>
<status status="PASS" starttime="20230222 11:18:46.328" endtime="20230222 11:18:46.490"/>
</kw>
<kw name="Sleep" library="BuiltIn">
<arg>2s</arg>
<doc>Pauses the test executed for the given time.</doc>
<msg timestamp="20230222 11:18:48.498" level="INFO">Slept 2 seconds</msg>
<status status="PASS" starttime="20230222 11:18:46.490" endtime="20230222 11:18:48.498"/>
</kw>
<kw name="Click Element" library="RPA.Browser.Selenium">
<arg>//*[@id="scCondList_{{sc.seq}}_listbox"]/li[1]</arg>
<doc>Click the element identified by ``locator``.</doc>
<msg timestamp="20230222 11:18:48.501" level="INFO">Clicking element '//*[@id="scCondList_{{sc.seq}}_listbox"]/li[1]'.</msg>
<status status="PASS" starttime="20230222 11:18:48.498" endtime="20230222 11:18:48.599"/>
</kw>
<kw name="Sleep" library="BuiltIn">
<arg>2s</arg>
<doc>Pauses the test executed for the given time.</doc>
<msg timestamp="20230222 11:18:50.610" level="INFO">Slept 2 seconds</msg>
<status status="PASS" starttime="20230222 11:18:48.600" endtime="20230222 11:18:50.610"/>
</kw>
<kw name="Click Element" library="RPA.Browser.Selenium">
<arg>xpath=//input[@id="scString1_1"]</arg>
<doc>Click the element identified by ``locator``.</doc>
<msg timestamp="20230222 11:18:50.610" level="INFO">Clicking element 'xpath=//input[@id="scString1_1"]'.</msg>
<status status="PASS" starttime="20230222 11:18:50.610" endtime="20230222 11:18:50.776"/>
</kw>
<kw name="Sleep" library="BuiltIn">
<arg>2s</arg>
<doc>Pauses the test executed for the given time.</doc>
<msg timestamp="20230222 11:18:52.793" level="INFO">Slept 2 seconds</msg>
<status status="PASS" starttime="20230222 11:18:50.776" endtime="20230222 11:18:52.793"/>
</kw>
<kw name="Input Text" library="RPA.Browser.Selenium">
<arg>xpath=//input[@id="scString1_1"]</arg>
<arg>${input data list}[0]</arg>
<doc>Types the given ``text`` into the text field identified by ``locator``.</doc>
<msg timestamp="20230222 11:18:52.795" level="INFO">Typing text 'LTZ Retail' into text field 'xpath=//input[@id="scString1_1"]'.</msg>
<status status="PASS" starttime="20230222 11:18:52.795" endtime="20230222 11:18:53.105"/>
</kw>
<kw name="Sleep" library="BuiltIn">
<arg>2s</arg>
<doc>Pauses the test executed for the given time.</doc>
<msg timestamp="20230222 11:18:55.124" level="INFO">Slept 2 seconds</msg>
<status status="PASS" starttime="20230222 11:18:53.106" endtime="20230222 11:18:55.124"/>
</kw>
<kw name="Click Element" library="RPA.Browser.Selenium">
<arg>xpath=//button[@id="btnSaveSearchCond"]</arg>
<doc>Click the element identified by ``locator``.</doc>
<msg timestamp="20230222 11:18:55.124" level="INFO">Clicking element 'xpath=//button[@id="btnSaveSearchCond"]'.</msg>
<status status="PASS" starttime="20230222 11:18:55.124" endtime="20230222 11:18:55.294"/>
</kw>
<kw name="Sleep" library="BuiltIn">
<arg>4s</arg>
<doc>Pauses the test executed for the given time.</doc>
<msg timestamp="20230222 11:18:59.297" level="INFO">Slept 4 seconds</msg>
<status status="PASS" starttime="20230222 11:18:55.295" endtime="20230222 11:18:59.298"/>
</kw>
<status status="PASS" starttime="20230222 11:18:31.823" endtime="20230222 11:18:59.299"/>
</kw>
<kw name="Does Page Contain Element" library="RPA.Browser.Selenium">
<var>${resultexist}</var>
<arg>xpath=//tr[@class="k-master-row k-state-selected"]</arg>
<doc>Does page contain expected element</doc>
<msg timestamp="20230222 11:18:59.560" level="INFO" html="true">Ran with keyword &lt;b&gt;Page Should Contain Element&lt;/b&gt; which returned error: &lt;i&gt;Page should have contained element 'xpath=//tr[@class="k-master-row k-state-selected"]' but did not.&lt;/i&gt;</msg>
<msg timestamp="20230222 11:18:59.560" level="INFO">${resultexist} = False</msg>
<status status="PASS" starttime="20230222 11:18:59.299" endtime="20230222 11:18:59.560"/>
</kw>
<if>
<branch type="IF" condition="${resultexist} == ${True}">
<if>
<branch type="IF" condition="&quot;${input data list}[1]&quot; == &quot;Existing&quot;">
<kw name="Edit the data">
<arg>${configlist}</arg>
<arg>${input data list}</arg>
<status status="NOT RUN" starttime="20230222 11:18:59.560" endtime="20230222 11:18:59.560"/>
</kw>
<status status="NOT RUN" starttime="20230222 11:18:59.560" endtime="20230222 11:18:59.560"/>
</branch>
<branch type="ELSE">
<kw name="Log" library="BuiltIn">
<arg>business exception</arg>
<doc>Logs the given message with the given level.</doc>
<status status="NOT RUN" starttime="20230222 11:18:59.560" endtime="20230222 11:18:59.560"/>
</kw>
<kw name="Business exception mail">
<arg>${configlist}</arg>
<arg>${input data list}</arg>
<status status="NOT RUN" starttime="20230222 11:18:59.560" endtime="20230222 11:18:59.560"/>
</kw>
<status status="NOT RUN" starttime="20230222 11:18:59.560" endtime="20230222 11:18:59.576"/>
</branch>
<status status="NOT RUN" starttime="20230222 11:18:59.560" endtime="20230222 11:18:59.576"/>
</if>
<status status="NOT RUN" starttime="20230222 11:18:59.560" endtime="20230222 11:18:59.576"/>
</branch>
<branch type="ELSE">
<if>
<branch type="IF" condition="&quot;${input data list}[1]&quot; == &quot;Existing&quot;">
<kw name="Business Exception subject if new marked as Existing">
<arg>${configlist}</arg>
<arg>${input data list}</arg>
<status status="NOT RUN" starttime="20230222 11:18:59.576" endtime="20230222 11:18:59.576"/>
</kw>
<status status="NOT RUN" starttime="20230222 11:18:59.576" endtime="20230222 11:18:59.576"/>
</branch>
<branch type="ELSE">
<kw name="Click Element" library="RPA.Browser.Selenium">
<arg>xpath=//a[@id="ToolBtnNew"]</arg>
<doc>Click the element identified by ``locator``.</doc>
<msg timestamp="20230222 11:18:59.576" level="INFO">Clicking element 'xpath=//a[@id="ToolBtnNew"]'.</msg>
<status status="PASS" starttime="20230222 11:18:59.576" endtime="20230222 11:18:59.925"/>
</kw>
<kw name="Sleep" library="BuiltIn">
<arg>8s</arg>
<doc>Pauses the test executed for the given time.</doc>
<msg timestamp="20230222 11:19:07.934" level="INFO">Slept 8 seconds</msg>
<status status="PASS" starttime="20230222 11:18:59.927" endtime="20230222 11:19:07.935"/>
</kw>
<kw name="Click Element" library="RPA.Browser.Selenium">
<arg>xpath=//button[@id="AccountNameAutoField_lookup"]//span[@class="fa fa-search"]</arg>
<doc>Click the element identified by ``locator``.</doc>
<msg timestamp="20230222 11:19:07.935" level="INFO">Clicking element 'xpath=//button[@id="AccountNameAutoField_lookup"]//span[@class="fa fa-search"]'.</msg>
<status status="PASS" starttime="20230222 11:19:07.935" endtime="20230222 11:19:08.113"/>
</kw>
<kw name="Sleep" library="BuiltIn">
<arg>2s</arg>
<doc>Pauses the test executed for the given time.</doc>
<msg timestamp="20230222 11:19:10.121" level="INFO">Slept 2 seconds</msg>
<status status="PASS" starttime="20230222 11:19:08.115" endtime="20230222 11:19:10.122"/>
</kw>
<kw name="Select Frame" library="RPA.Browser.Selenium">
<arg>lookUpModalIframe</arg>
<doc>Sets frame identified by ``locator`` as the current frame.</doc>
<msg timestamp="20230222 11:19:10.122" level="INFO">Selecting frame 'lookUpModalIframe'.</msg>
<status status="PASS" starttime="20230222 11:19:10.122" endtime="20230222 11:19:10.305"/>
</kw>
<kw name="Sleep" library="BuiltIn">
<arg>3s</arg>
<doc>Pauses the test executed for the given time.</doc>
<msg timestamp="20230222 11:19:13.314" level="INFO">Slept 3 seconds</msg>
<status status="PASS" starttime="20230222 11:19:10.305" endtime="20230222 11:19:13.314"/>
</kw>
<kw name="Input Text" library="RPA.Browser.Selenium">
<arg>//div[@class="qBrowseSearchToolbar"]//input[@placeholder="Account Name starts with"]</arg>
<arg>${input data list}[0]</arg>
<doc>Types the given ``text`` into the text field identified by ``locator``.</doc>
<msg timestamp="20230222 11:19:13.317" level="INFO">Typing text 'LTZ Retail' into text field '//div[@class="qBrowseSearchToolbar"]//input[@placeholder="Account Name starts with"]'.</msg>
<status status="PASS" starttime="20230222 11:19:13.316" endtime="20230222 11:19:13.640"/>
</kw>
<kw name="Sleep" library="BuiltIn">
<arg>3s</arg>
<doc>Pauses the test executed for the given time.</doc>
<msg timestamp="20230222 11:19:16.649" level="INFO">Slept 3 seconds</msg>
<status status="PASS" starttime="20230222 11:19:13.640" endtime="20230222 11:19:16.650"/>
</kw>
<kw name="Press Keys" library="RPA.Browser.Selenium">
<arg>//div[@class="qBrowseSearchToolbar"]//input[@placeholder="Account Name starts with"]</arg>
<arg>ENTER</arg>
<doc>Simulates the user pressing key(s) to an element or on the active browser.</doc>
<msg timestamp="20230222 11:19:16.650" level="INFO">Sending key(s) ('ENTER',) to //div[@class="qBrowseSearchToolbar"]//input[@placeholder="Account Name starts with"] element.</msg>
<msg timestamp="20230222 11:19:17.111" level="INFO">Pressing special key ENTER to element.</msg>
<msg timestamp="20230222 11:19:17.111" level="INFO">Releasing special key ENTER.</msg>
<status status="PASS" starttime="20230222 11:19:16.650" endtime="20230222 11:19:17.264"/>
</kw>
<kw name="Sleep" library="BuiltIn">
<arg>7s</arg>
<doc>Pauses the test executed for the given time.</doc>
<msg timestamp="20230222 11:19:24.268" level="INFO">Slept 7 seconds</msg>
<status status="PASS" starttime="20230222 11:19:17.264" endtime="20230222 11:19:24.269"/>
</kw>
<kw name="Does Page Contain Element" library="RPA.Browser.Selenium">
<var>${rowpresent}</var>
<arg>xpath=//tr[@class="k-master-row k-state-selected"]</arg>
<doc>Does page contain expected element</doc>
<msg timestamp="20230222 11:19:24.288" level="INFO">Current page contains element 'xpath=//tr[@class="k-master-row k-state-selected"]'.</msg>
<msg timestamp="20230222 11:19:24.288" level="INFO">${rowpresent} = True</msg>
<status status="PASS" starttime="20230222 11:19:24.270" endtime="20230222 11:19:24.288"/>
</kw>
<if>
<branch type="IF" condition="${rowpresent} == ${True}">
<kw name="Sleep" library="BuiltIn">
<arg>4s</arg>
<doc>Pauses the test executed for the given time.</doc>
<msg timestamp="20230222 11:19:28.289" level="INFO">Slept 4 seconds</msg>
<status status="PASS" starttime="20230222 11:19:24.288" endtime="20230222 11:19:28.290"/>
</kw>
<kw name="Unselect Frame" library="RPA.Browser.Selenium">
<doc>Sets the main frame as the current frame.</doc>
<status status="PASS" starttime="20230222 11:19:28.290" endtime="20230222 11:19:28.297"/>
</kw>
<kw name="Click Element" library="RPA.Browser.Selenium">
<arg>xpath=//button[@ng-click="ok()"]</arg>
<doc>Click the element identified by ``locator``.</doc>
<msg timestamp="20230222 11:19:28.297" level="INFO">Clicking element 'xpath=//button[@ng-click="ok()"]'.</msg>
<status status="PASS" starttime="20230222 11:19:28.297" endtime="20230222 11:19:28.731"/>
</kw>
<kw name="Sleep" library="BuiltIn">
<arg>7s</arg>
<doc>Pauses the test executed for the given time.</doc>
<msg timestamp="20230222 11:19:35.741" level="INFO">Slept 7 seconds</msg>
<status status="PASS" starttime="20230222 11:19:28.731" endtime="20230222 11:19:35.741"/>
</kw>
<kw name="Click Element" library="RPA.Browser.Selenium">
<arg>xpath=//button[@id="ToolBtnSave"]</arg>
<doc>Click the element identified by ``locator``.</doc>
[...]
<msg timestamp="20230222 11:22:48.513" level="INFO">Slept 2 seconds</msg>
<status status="PASS" starttime="20230222 11:22:46.511" endtime="20230222 11:22:48.514"/>
</kw>
<kw name="Input Text" library="RPA.Browser.Selenium">
<arg>//*[@id="CountryAutoField"]</arg>
<arg>${input data list}[9]</arg>
<doc>Types the given ``text`` into the text field identified by ``locator``.</doc>
<msg timestamp="20230222 11:22:48.514" level="INFO">Typing text 'USA' into text field '//*[@id="CountryAutoField"]'.</msg>
<status status="PASS" starttime="20230222 11:22:48.514" endtime="20230222 11:22:49.320"/>
</kw>
<kw name="Sleep" library="BuiltIn">
<arg>2s</arg>
<doc>Pauses the test executed for the given time.</doc>
<msg timestamp="20230222 11:22:51.338" level="INFO">Slept 2 seconds</msg>
<status status="PASS" starttime="20230222 11:22:49.320" endtime="20230222 11:22:51.338"/>
</kw>
<kw name="Scroll Element Into View" library="RPA.Browser.Selenium">
<arg>//*[@id="EmailAutoField"]</arg>
<doc>Scrolls the element identified by ``locator`` into view.</doc>
<status status="PASS" starttime="20230222 11:22:51.338" endtime="20230222 11:22:51.668"/>
</kw>
<kw name="Sleep" library="BuiltIn">
<arg>2s</arg>
<doc>Pauses the test executed for the given time.</doc>
<msg timestamp="20230222 11:22:53.681" level="INFO">Slept 2 seconds</msg>
<status status="PASS" starttime="20230222 11:22:51.668" endtime="20230222 11:22:53.681"/>
</kw>
<kw name="Input Text" library="RPA.Browser.Selenium">
<arg>//*[@id="EmailAutoField"]</arg>
<arg>${input data list}[10]</arg>
<doc>Types the given ``text`` into the text field identified by ``locator``.</doc>
<msg timestamp="20230222 11:22:53.681" level="INFO">Typing text 'wordpressco@gmail.com' into text field '//*[@id="EmailAutoField"]'.</msg>
<status status="PASS" starttime="20230222 11:22:53.681" endtime="20230222 11:22:54.394"/>
</kw>
<kw name="Sleep" library="BuiltIn">
<arg>2s</arg>
<doc>Pauses the test executed for the given time.</doc>
<msg timestamp="20230222 11:22:56.402" level="INFO">Slept 2 seconds</msg>
<status status="PASS" starttime="20230222 11:22:54.395" endtime="20230222 11:22:56.402"/>
</kw>
<kw name="Input Text" library="RPA.Browser.Selenium">
<arg>//*[@id="WebsiteAutoField"]</arg>
<arg>${input data list}[11]</arg>
<doc>Types the given ``text`` into the text field identified by ``locator``.</doc>
<msg timestamp="20230222 11:22:56.402" level="INFO">Typing text 'wordpressco.in' into text field '//*[@id="WebsiteAutoField"]'.</msg>
<status status="PASS" starttime="20230222 11:22:56.402" endtime="20230222 11:22:56.704"/>
</kw>
<kw name="Sleep" library="BuiltIn">
<arg>2s</arg>
<doc>Pauses the test executed for the given time.</doc>
<msg timestamp="20230222 11:22:58.717" level="INFO">Slept 2 seconds</msg>
<status status="PASS" starttime="20230222 11:22:56.704" endtime="20230222 11:22:58.718"/>
</kw>
<kw name="Scroll Element Into View" library="RPA.Browser.Selenium">
<arg>//*[@id="AccountRegionAutoField"]</arg>
<doc>Scrolls the element identified by ``locator`` into view.</doc>
<status status="PASS" starttime="20230222 11:22:58.719" endtime="20230222 11:22:59.071"/>
</kw>
<kw name="Sleep" library="BuiltIn">
<arg>2s</arg>
<doc>Pauses the test executed for the given time.</doc>
<msg timestamp="20230222 11:23:01.083" level="INFO">Slept 2 seconds</msg>
<status status="PASS" starttime="20230222 11:22:59.073" endtime="20230222 11:23:01.083"/>
</kw>
<kw name="Input Text" library="RPA.Browser.Selenium">
<arg>//*[@id="AccountRegionAutoField"]</arg>
<arg>${input data list}[12]</arg>
<doc>Types the given ``text`` into the text field identified by ``locator``.</doc>
<msg timestamp="20230222 11:23:01.086" level="INFO">Typing text 'Americas' into text field '//*[@id="AccountRegionAutoField"]'.</msg>
<status status="PASS" starttime="20230222 11:23:01.085" endtime="20230222 11:23:01.478"/>
</kw>
<kw name="Sleep" library="BuiltIn">
<arg>2s</arg>
<doc>Pauses the test executed for the given time.</doc>
<msg timestamp="20230222 11:23:03.489" level="INFO">Slept 2 seconds</msg>
<status status="PASS" starttime="20230222 11:23:01.479" endtime="20230222 11:23:03.489"/>
</kw>
<kw name="Click Element" library="RPA.Browser.Selenium">
<arg>//*[@id="ToolBtnSave"]</arg>
<doc>Click the element identified by ``locator``.</doc>
<msg timestamp="20230222 11:23:03.489" level="INFO">Clicking element '//*[@id="ToolBtnSave"]'.</msg>
<status status="PASS" starttime="20230222 11:23:03.489" endtime="20230222 11:23:04.580"/>
</kw>
<kw name="Sleep" library="BuiltIn">
<arg>3s</arg>
<doc>Pauses the test executed for the given time.</doc>
<msg timestamp="20230222 11:23:07.580" level="INFO">Slept 3 seconds</msg>
<status status="PASS" starttime="20230222 11:23:04.580" endtime="20230222 11:23:07.581"/>
</kw>
<kw name="Click Element" library="RPA.Browser.Selenium">
<arg>//*[@id="btnViewFormPane"]/span</arg>
<doc>Click the element identified by ``locator``.</doc>
<msg timestamp="20230222 11:23:07.584" level="INFO">Clicking element '//*[@id="btnViewFormPane"]/span'.</msg>
<status status="PASS" starttime="20230222 11:23:07.582" endtime="20230222 11:23:08.203"/>
</kw>
<kw name="Sleep" library="BuiltIn">
<arg>5s</arg>
<doc>Pauses the test executed for the given time.</doc>
<msg timestamp="20230222 11:23:13.221" level="INFO">Slept 5 seconds</msg>
<status status="PASS" starttime="20230222 11:23:08.204" endtime="20230222 11:23:13.221"/>
</kw>
<kw name="Click Element" library="RPA.Browser.Selenium">
<arg>//span[@class="fa fa-search"]</arg>
<doc>Click the element identified by ``locator``.</doc>
<msg timestamp="20230222 11:23:13.221" level="INFO">Clicking element '//span[@class="fa fa-search"]'.</msg>
<status status="PASS" starttime="20230222 11:23:13.221" endtime="20230222 11:23:13.315"/>
</kw>
<kw name="Sleep" library="BuiltIn">
<arg>5s</arg>
<doc>Pauses the test executed for the given time.</doc>
<msg timestamp="20230222 11:23:18.320" level="INFO">Slept 5 seconds</msg>
<status status="PASS" starttime="20230222 11:23:13.315" endtime="20230222 11:23:18.320"/>
</kw>
<kw name="Input Text" library="RPA.Browser.Selenium">
<arg>//*[@id="webshellMenu_kAutoCompleteMenuSearch"]</arg>
<arg>Sales Opportunities</arg>
<doc>Types the given ``text`` into the text field identified by ``locator``.</doc>
<msg timestamp="20230222 11:23:18.320" level="INFO">Typing text 'Sales Opportunities' into text field '//*[@id="webshellMenu_kAutoCompleteMenuSearch"]'.</msg>
<status status="PASS" starttime="20230222 11:23:18.320" endtime="20230222 11:23:18.501"/>
</kw>
<kw name="Wait Until Element Is Visible" library="RPA.Browser.Selenium">
<arg>//*[@id="webshellMenu_kAutoCompleteMenuSearch_listbox"]/li/a/div/div/span[2]</arg>
<doc>Waits until the element ``locator`` is visible.</doc>
<status status="PASS" starttime="20230222 11:23:18.501" endtime="20230222 11:23:20.134"/>
</kw>
<kw name="Click Element" library="RPA.Browser.Selenium">
<arg>//*[@id="webshellMenu_kAutoCompleteMenuSearch_listbox"]/li/a/div/div/span[2]</arg>
<doc>Click the element identified by ``locator``.</doc>
<msg timestamp="20230222 11:23:20.134" level="INFO">Clicking element '//*[@id="webshellMenu_kAutoCompleteMenuSearch_listbox"]/li/a/div/div/span[2]'.</msg>
<status status="PASS" starttime="20230222 11:23:20.134" endtime="20230222 11:23:20.527"/>
</kw>
<kw name="Sleep" library="BuiltIn">
<arg>5s</arg>
<doc>Pauses the test executed for the given time.</doc>
<msg timestamp="20230222 11:23:25.541" level="INFO">Slept 5 seconds</msg>
<status status="PASS" starttime="20230222 11:23:20.528" endtime="20230222 11:23:25.542"/>
</kw>
<kw name="Click Element" library="RPA.Browser.Selenium">
<arg>xpath=//a[@id="ToolBtnNew"]</arg>
<doc>Click the element identified by ``locator``.</doc>
<msg timestamp="20230222 11:23:25.542" level="INFO">Clicking element 'xpath=//a[@id="ToolBtnNew"]'.</msg>
<status status="PASS" starttime="20230222 11:23:25.542" endtime="20230222 11:23:25.924"/>
</kw>
<kw name="Sleep" library="BuiltIn">
<arg>5s</arg>
<doc>Pauses the test executed for the given time.</doc>
<msg timestamp="20230222 11:23:30.933" level="INFO">Slept 5 seconds</msg>
<status status="PASS" starttime="20230222 11:23:25.924" endtime="20230222 11:23:30.933"/>
</kw>
<kw name="Input Text" library="RPA.Browser.Selenium">
<arg>//*[@id="AccountNameAutoField"]</arg>
<arg>${input data list}[0]</arg>
<doc>Types the given ``text`` into the text field identified by ``locator``.</doc>
<msg timestamp="20230222 11:23:30.934" level="INFO">Typing text 'TCS' into text field '//*[@id="AccountNameAutoField"]'.</msg>
<status status="PASS" starttime="20230222 11:23:30.934" endtime="20230222 11:23:31.232"/>
</kw>
<kw name="Press Keys" library="RPA.Browser.Selenium">
<arg>//*[@id="AccountNameAutoField"]</arg>
<arg>ENTER</arg>
<doc>Simulates the user pressing key(s) to an element or on the active browser.</doc>
<msg timestamp="20230222 11:23:31.235" level="INFO">Sending key(s) ('ENTER',) to //*[@id="AccountNameAutoField"] element.</msg>
<msg timestamp="20230222 11:23:31.663" level="INFO">Pressing special key ENTER to element.</msg>
<msg timestamp="20230222 11:23:31.664" level="INFO">Releasing special key ENTER.</msg>
<status status="PASS" starttime="20230222 11:23:31.234" endtime="20230222 11:23:31.709"/>
</kw>
<kw name="Sleep" library="BuiltIn">
<arg>4s</arg>
<doc>Pauses the test executed for the given time.</doc>
<msg timestamp="20230222 11:23:35.724" level="INFO">Slept 4 seconds</msg>
<status status="PASS" starttime="20230222 11:23:31.709" endtime="20230222 11:23:35.725"/>
</kw>
<kw name="Click Element" library="RPA.Browser.Selenium">
<arg>//*[@id="btnViewFormPane"]/span</arg>
<doc>Click the element identified by ``locator``.</doc>
<msg timestamp="20230222 11:23:35.728" level="INFO">Clicking element '//*[@id="btnViewFormPane"]/span'.</msg>
<status status="PASS" starttime="20230222 11:23:35.726" endtime="20230222 11:23:36.470"/>
</kw>
<status status="PASS" starttime="20230222 11:22:10.414" endtime="20230222 11:23:36.471"/>
</branch>
<branch type="ELSE">
<kw name="Log" library="BuiltIn">
<arg>Field missing</arg>
<doc>Logs the given message with the given level.</doc>
<status status="NOT RUN" starttime="20230222 11:23:36.474" endtime="20230222 11:23:36.474"/>
</kw>
<status status="NOT RUN" starttime="20230222 11:23:36.472" endtime="20230222 11:23:36.474"/>
</branch>
<status status="PASS" starttime="20230222 11:22:10.414" endtime="20230222 11:23:36.476"/>
</if>
<status status="PASS" starttime="20230222 11:22:10.414" endtime="20230222 11:23:36.476"/>
</branch>
<branch type="ELSE">
<kw name="Log" library="BuiltIn">
<arg>Field missing</arg>
<doc>Logs the given message with the given level.</doc>
<status status="NOT RUN" starttime="20230222 11:23:36.476" endtime="20230222 11:23:36.476"/>
</kw>
<status status="NOT RUN" starttime="20230222 11:23:36.476" endtime="20230222 11:23:36.476"/>
</branch>
<status status="PASS" starttime="20230222 11:22:10.414" endtime="20230222 11:23:36.476"/>
</if>
<status status="PASS" starttime="20230222 11:22:10.414" endtime="20230222 11:23:36.476"/>
</branch>
<branch type="ELSE">
<kw name="Log" library="BuiltIn">
<arg>Field missing</arg>
<doc>Logs the given message with the given level.</doc>
<status status="NOT RUN" starttime="20230222 11:23:36.476" endtime="20230222 11:23:36.476"/>
</kw>
<status status="NOT RUN" starttime="20230222 11:23:36.476" endtime="20230222 11:23:36.476"/>
</branch>
<status status="PASS" starttime="20230222 11:22:10.414" endtime="20230222 11:23:36.476"/>
</if>
<status status="PASS" starttime="20230222 11:22:10.414" endtime="20230222 11:23:36.484"/>
</branch>
<branch type="ELSE">
<kw name="Log" library="BuiltIn">
<arg>Field missing</arg>
<doc>Logs the given message with the given level.</doc>
<status status="NOT RUN" starttime="20230222 11:23:36.486" endtime="20230222 11:23:36.487"/>
</kw>
<status status="NOT RUN" starttime="20230222 11:23:36.485" endtime="20230222 11:23:36.488"/>
</branch>
<status status="PASS" starttime="20230222 11:22:10.414" endtime="20230222 11:23:36.489"/>
</if>
<status status="PASS" starttime="20230222 11:22:10.414" endtime="20230222 11:23:36.489"/>
</branch>
<branch type="ELSE">
<kw name="Log" library="BuiltIn">
<arg>Field missing</arg>
<doc>Logs the given message with the given level.</doc>
<status status="NOT RUN" starttime="20230222 11:23:36.491" endtime="20230222 11:23:36.492"/>
</kw>
<status status="NOT RUN" starttime="20230222 11:23:36.490" endtime="20230222 11:23:36.493"/>
</branch>
<status status="PASS" starttime="20230222 11:22:10.414" endtime="20230222 11:23:36.495"/>
</if>
<status status="PASS" starttime="20230222 11:22:10.414" endtime="20230222 11:23:36.495"/>
</branch>
<branch type="ELSE">
<kw name="Log" library="BuiltIn">
<arg>Field missing</arg>
<doc>Logs the given message with the given level.</doc>
<status status="NOT RUN" starttime="20230222 11:23:36.497" endtime="20230222 11:23:36.498"/>
</kw>
<status status="NOT RUN" starttime="20230222 11:23:36.496" endtime="20230222 11:23:36.499"/>
</branch>
<status status="PASS" starttime="20230222 11:22:10.414" endtime="20230222 11:23:36.500"/>
</if>
<status status="PASS" starttime="20230222 11:22:10.414" endtime="20230222 11:23:36.500"/>
</branch>
<branch type="ELSE">
<kw name="Log" library="BuiltIn">
<arg>Field missing</arg>
<doc>Logs the given message with the given level.</doc>
<status status="NOT RUN" starttime="20230222 11:23:36.503" endtime="20230222 11:23:36.507"/>
</kw>
<status status="NOT RUN" starttime="20230222 11:23:36.502" endtime="20230222 11:23:36.507"/>
</branch>
<status status="PASS" starttime="20230222 11:22:10.414" endtime="20230222 11:23:36.508"/>
</if>
<status status="PASS" starttime="20230222 11:22:10.414" endtime="20230222 11:23:36.508"/>
</branch>
<branch type="ELSE">
<kw name="Log" library="BuiltIn">
<arg>Field missing</arg>
<doc>Logs the given message with the given level.</doc>
<status status="NOT RUN" starttime="20230222 11:23:36.508" endtime="20230222 11:23:36.508"/>
</kw>
<status status="NOT RUN" starttime="20230222 11:23:36.508" endtime="20230222 11:23:36.508"/>
</branch>
<status status="PASS" starttime="20230222 11:22:10.414" endtime="20230222 11:23:36.512"/>
</if>
<status status="PASS" starttime="20230222 11:22:10.414" endtime="20230222 11:23:36.513"/>
</kw>
<status status="PASS" starttime="20230222 11:22:02.920" endtime="20230222 11:23:36.514"/>
</branch>
<status status="PASS" starttime="20230222 11:22:02.910" endtime="20230222 11:23:36.514"/>
</if>
<status status="PASS" starttime="20230222 11:21:37.481" endtime="20230222 11:23:36.515"/>
</branch>
<status status="PASS" starttime="20230222 11:21:37.477" endtime="20230222 11:23:36.516"/>
</if>
<status status="PASS" starttime="20230222 11:21:37.477" endtime="20230222 11:23:36.516"/>
</branch>
<status status="PASS" starttime="20230222 11:21:37.454" endtime="20230222 11:23:36.518"/>
</if>
<status status="PASS" starttime="20230222 11:21:10.038" endtime="20230222 11:23:36.519"/>
</branch>
<branch type="ELSE">
<kw name="Log" library="BuiltIn">
<arg>cell is empty</arg>
<doc>Logs the given message with the given level.</doc>
<status status="NOT RUN" starttime="20230222 11:23:36.522" endtime="20230222 11:23:36.523"/>
</kw>
<status status="NOT RUN" starttime="20230222 11:23:36.520" endtime="20230222 11:23:36.524"/>
</branch>
<status status="PASS" starttime="20230222 11:21:10.031" endtime="20230222 11:23:36.524"/>
</if>
<status status="PASS" starttime="20230222 11:21:09.988" endtime="20230222 11:23:36.525"/>
</iter>
<status status="PASS" starttime="20230222 11:17:27.205" endtime="20230222 11:23:36.525"/>
</for>
<status status="PASS" starttime="20230222 11:17:27.205" endtime="20230222 11:23:36.525"/>
</branch>
<branch type="EXCEPT">
<kw name="Input File Exception">
<arg>${configlist}</arg>
<status status="NOT RUN" starttime="20230222 11:23:36.528" endtime="20230222 11:23:36.528"/>
</kw>
<status status="NOT RUN" starttime="20230222 11:23:36.528" endtime="20230222 11:23:36.528"/>
</branch>
<status status="PASS" starttime="20230222 11:17:27.205" endtime="20230222 11:23:36.528"/>
</try>
<status status="PASS" starttime="20230222 11:17:27.205" endtime="20230222 11:23:36.528"/>
</kw>
<kw name="Sleep" library="BuiltIn">
<arg>4s</arg>
<doc>Pauses the test executed for the given time.</doc>
<msg timestamp="20230222 11:23:40.531" level="INFO">Slept 4 seconds</msg>
<status status="PASS" starttime="20230222 11:23:36.528" endtime="20230222 11:23:40.532"/>
</kw>
<kw name="Close All Browsers" library="RPA.Browser.Selenium">
<doc>Closes all open browsers and resets the browser cache.</doc>
<status status="PASS" starttime="20230222 11:23:40.532" endtime="20230222 11:23:43.423"/>
</kw>
<status status="PASS" starttime="20230222 11:16:33.790" endtime="20230222 11:23:43.423"/>
</branch>
<branch type="EXCEPT">
<kw name="System exception mail">
<arg>${configlist}</arg>
<status status="NOT RUN" starttime="20230222 11:23:43.424" endtime="20230222 11:23:43.424"/>
</kw>
<status status="NOT RUN" starttime="20230222 11:23:43.424" endtime="20230222 11:23:43.424"/>
</branch>
<status status="PASS" starttime="20230222 11:16:33.790" endtime="20230222 11:23:43.424"/>
</try>
<status status="PASS" starttime="20230222 11:16:33.774" endtime="20230222 11:23:43.424"/>
</branch>
<branch type="EXCEPT">
<kw name="Input File Exception">
<arg>${configlist}</arg>
<status status="NOT RUN" starttime="20230222 11:23:43.424" endtime="20230222 11:23:43.424"/>
</kw>
<status status="NOT RUN" starttime="20230222 11:23:43.424" endtime="20230222 11:23:43.424"/>
</branch>
<status status="PASS" starttime="20230222 11:16:33.774" endtime="20230222 11:23:43.424"/>
</try>
<status status="PASS" starttime="20230222 11:16:33.697" endtime="20230222 11:23:43.424"/>
</branch>
<branch type="EXCEPT">
<kw name="Config exception">
<arg>${xmllist}</arg>
<status status="NOT RUN" starttime="20230222 11:23:43.424" endtime="20230222 11:23:43.424"/>
</kw>
<status status="NOT RUN" starttime="20230222 11:23:43.424" endtime="20230222 11:23:43.424"/>
</branch>
<status status="PASS" starttime="20230222 11:16:33.697" endtime="20230222 11:23:43.424"/>
</try>
<status status="PASS" starttime="20230222 11:16:33.653" endtime="20230222 11:23:43.424"/>
</branch>
<branch type="EXCEPT">
<kw name="Log" library="BuiltIn">
<arg>Unable to Read Config xml file.</arg>
<doc>Logs the given message with the given level.</doc>
<status status="NOT RUN" starttime="20230222 11:23:43.424" endtime="20230222 11:23:43.424"/>
</kw>
<status status="NOT RUN" starttime="20230222 11:23:43.424" endtime="20230222 11:23:43.424"/>
</branch>
<status status="PASS" starttime="20230222 11:16:33.653" endtime="20230222 11:23:43.432"/>
</try>
<status status="PASS" starttime="20230222 11:16:29.447" endtime="20230222 11:23:43.432"/>
</test>
<kw name="Quit Application" library="RPA.Outlook.Application" type="TEARDOWN">
<doc>Quit the application.</doc>
<status status="PASS" starttime="20230222 11:23:43.444" endtime="20230222 11:23:43.446"/>
</kw>
<doc>Sales Opportinities Bot.</doc>
<status status="PASS" starttime="20230222 11:16:17.726" endtime="20230222 11:23:43.446"/>
</suite>
<statistics>
<total>
<stat pass="1" fail="0" skip="0">All Tasks</stat>
</total>
<tag>
</tag>
<suite>
<stat pass="1" fail="0" skip="0" id="s1" name="Tasks">Tasks</stat>
</suite>
</statistics>
<errors>
<msg timestamp="20230222 11:16:20.989" level="WARN">This is a deprecated import that will be removed in favor of RPA.Robocorp.Vault</msg>
<msg timestamp="20230222 11:20:07.791" level="WARN">Keyword 'Send Message' is deprecated, and will be removed in a future version.Use 'Send Email' instead.</msg>
</errors>
</robot>
